!SESSION 2014-12-05 08:58:42.843 -----------------------------------------------
eclipse.buildId=unknown
java.version=1.6.0_18
java.vendor=Sun Microsystems Inc.
BootLoader constants: OS=win32, ARCH=x86, WS=win32, NL=zh_CN
Framework arguments:  -showlocation
Command-line arguments:  -os win32 -ws win32 -arch x86 -showlocation

This is a continuation of log file E:\coding\zendstudio\.metadata\.bak_0.log
Created Time: 2014-12-05 19:41:15.765

!ENTRY org.eclipse.jface.text 4 0 2014-12-05 19:41:15.765
!MESSAGE Unexpected runtime error while computing a text hover
!STACK 0
org.eclipse.wst.jsdt.internal.codeassist.select.SelectionNodeFound
	at org.eclipse.wst.jsdt.internal.codeassist.select.SelectionOnArgumentName.bind(SelectionOnArgumentName.java:29)
	at org.eclipse.wst.jsdt.internal.compiler.ast.AbstractMethodDeclaration.bindArguments(AbstractMethodDeclaration.java:141)
	at org.eclipse.wst.jsdt.internal.compiler.lookup.CompilationUnitScope$DeclarationVisitor.visit(CompilationUnitScope.java:114)
	at org.eclipse.wst.jsdt.internal.compiler.ast.MethodDeclaration.traverse(MethodDeclaration.java:165)
	at org.eclipse.wst.jsdt.internal.compiler.ast.CompilationUnitDeclaration.traverse(CompilationUnitDeclaration.java:584)
	at org.eclipse.wst.jsdt.internal.compiler.ast.CompilationUnitDeclaration.traverse(CompilationUnitDeclaration.java:545)
	at org.eclipse.wst.jsdt.internal.compiler.lookup.CompilationUnitScope.buildTypeBindings(CompilationUnitScope.java:392)
	at org.eclipse.wst.jsdt.internal.compiler.lookup.LookupEnvironment.buildTypeBindings(LookupEnvironment.java:320)
	at org.eclipse.wst.jsdt.internal.compiler.lookup.LookupEnvironment.buildTypeBindings(LookupEnvironment.java:316)
	at org.eclipse.wst.jsdt.internal.codeassist.SelectionEngine.select(SelectionEngine.java:729)
	at org.eclipse.wst.jsdt.internal.core.Openable.codeSelect(Openable.java:167)
	at org.eclipse.wst.jsdt.internal.core.CompilationUnit.codeSelect(CompilationUnit.java:318)
	at org.eclipse.wst.jsdt.internal.core.CompilationUnit.codeSelect(CompilationUnit.java:312)
	at org.eclipse.wst.jsdt.internal.ui.text.java.hover.AbstractJavaEditorTextHover.getHoverInfo(AbstractJavaEditorTextHover.java:114)
	at org.eclipse.wst.jsdt.internal.ui.text.java.hover.AbstractJavaEditorTextHover.getHoverInfo2(AbstractJavaEditorTextHover.java:95)
	at org.eclipse.wst.jsdt.internal.ui.text.java.hover.BestMatchHover.getHoverInfo2(BestMatchHover.java:147)
	at org.eclipse.wst.jsdt.internal.ui.text.java.hover.JavaEditorTextHoverProxy.getHoverInfo2(JavaEditorTextHoverProxy.java:78)
	at org.eclipse.jface.text.TextViewerHoverManager$4.run(TextViewerHoverManager.java:166)

!ENTRY org.eclipse.jface.text 4 0 2014-12-05 19:41:15.781
!MESSAGE Unexpected runtime error while computing a text hover
!STACK 0
org.eclipse.wst.jsdt.internal.codeassist.select.SelectionNodeFound
	at org.eclipse.wst.jsdt.internal.codeassist.select.SelectionOnArgumentName.bind(SelectionOnArgumentName.java:29)
	at org.eclipse.wst.jsdt.internal.compiler.ast.AbstractMethodDeclaration.bindArguments(AbstractMethodDeclaration.java:141)
	at org.eclipse.wst.jsdt.internal.compiler.lookup.CompilationUnitScope$DeclarationVisitor.visit(CompilationUnitScope.java:114)
	at org.eclipse.wst.jsdt.internal.compiler.ast.MethodDeclaration.traverse(MethodDeclaration.java:165)
	at org.eclipse.wst.jsdt.internal.compiler.ast.CompilationUnitDeclaration.traverse(CompilationUnitDeclaration.java:584)
	at org.eclipse.wst.jsdt.internal.compiler.ast.CompilationUnitDeclaration.traverse(CompilationUnitDeclaration.java:545)
	at org.eclipse.wst.jsdt.internal.compiler.lookup.CompilationUnitScope.buildTypeBindings(CompilationUnitScope.java:392)
	at org.eclipse.wst.jsdt.internal.compiler.lookup.LookupEnvironment.buildTypeBindings(LookupEnvironment.java:320)
	at org.eclipse.wst.jsdt.internal.compiler.lookup.LookupEnvironment.buildTypeBindings(LookupEnvironment.java:316)
	at org.eclipse.wst.jsdt.internal.codeassist.SelectionEngine.select(SelectionEngine.java:729)
	at org.eclipse.wst.jsdt.internal.core.Openable.codeSelect(Openable.java:167)
	at org.eclipse.wst.jsdt.internal.core.CompilationUnit.codeSelect(CompilationUnit.java:318)
	at org.eclipse.wst.jsdt.internal.core.CompilationUnit.codeSelect(CompilationUnit.java:312)
	at org.eclipse.wst.jsdt.internal.ui.text.java.hover.AbstractJavaEditorTextHover.getHoverInfo(AbstractJavaEditorTextHover.java:114)
	at org.eclipse.wst.jsdt.internal.ui.text.java.hover.AbstractJavaEditorTextHover.getHoverInfo2(AbstractJavaEditorTextHover.java:95)
	at org.eclipse.wst.jsdt.internal.ui.text.java.hover.BestMatchHover.getHoverInfo2(BestMatchHover.java:147)
	at org.eclipse.wst.jsdt.internal.ui.text.java.hover.JavaEditorTextHoverProxy.getHoverInfo2(JavaEditorTextHoverProxy.java:78)
	at org.eclipse.jface.text.TextViewerHoverManager$4.run(TextViewerHoverManager.java:166)

!ENTRY org.eclipse.jface.text 4 0 2014-12-05 19:41:15.796
!MESSAGE Unexpected runtime error while computing a text hover
!STACK 0
org.eclipse.wst.jsdt.internal.codeassist.select.SelectionNodeFound
	at org.eclipse.wst.jsdt.internal.codeassist.select.SelectionOnArgumentName.bind(SelectionOnArgumentName.java:29)
	at org.eclipse.wst.jsdt.internal.compiler.ast.AbstractMethodDeclaration.bindArguments(AbstractMethodDeclaration.java:141)
	at org.eclipse.wst.jsdt.internal.compiler.lookup.CompilationUnitScope$DeclarationVisitor.visit(CompilationUnitScope.java:114)
	at org.eclipse.wst.jsdt.internal.compiler.ast.MethodDeclaration.traverse(MethodDeclaration.java:165)
	at org.eclipse.wst.jsdt.internal.compiler.ast.CompilationUnitDeclaration.traverse(CompilationUnitDeclaration.java:584)
	at org.eclipse.wst.jsdt.internal.compiler.ast.CompilationUnitDeclaration.traverse(CompilationUnitDeclaration.java:545)
	at org.eclipse.wst.jsdt.internal.compiler.lookup.CompilationUnitScope.buildTypeBindings(CompilationUnitScope.java:392)
	at org.eclipse.wst.jsdt.internal.compiler.lookup.LookupEnvironment.buildTypeBindings(LookupEnvironment.java:320)
	at org.eclipse.wst.jsdt.internal.compiler.lookup.LookupEnvironment.buildTypeBindings(LookupEnvironment.java:316)
	at org.eclipse.wst.jsdt.internal.codeassist.SelectionEngine.select(SelectionEngine.java:729)
	at org.eclipse.wst.jsdt.internal.core.Openable.codeSelect(Openable.java:167)
	at org.eclipse.wst.jsdt.internal.core.CompilationUnit.codeSelect(CompilationUnit.java:318)
	at org.eclipse.wst.jsdt.internal.core.CompilationUnit.codeSelect(CompilationUnit.java:312)
	at org.eclipse.wst.jsdt.internal.ui.text.java.hover.AbstractJavaEditorTextHover.getHoverInfo(AbstractJavaEditorTextHover.java:114)
	at org.eclipse.wst.jsdt.internal.ui.text.java.hover.AbstractJavaEditorTextHover.getHoverInfo2(AbstractJavaEditorTextHover.java:95)
	at org.eclipse.wst.jsdt.internal.ui.text.java.hover.BestMatchHover.getHoverInfo2(BestMatchHover.java:147)
	at org.eclipse.wst.jsdt.internal.ui.text.java.hover.JavaEditorTextHoverProxy.getHoverInfo2(JavaEditorTextHoverProxy.java:78)
	at org.eclipse.jface.text.TextViewerHoverManager$4.run(TextViewerHoverManager.java:166)

!ENTRY org.eclipse.jface.text 4 0 2014-12-05 19:44:22.468
!MESSAGE Unexpected runtime error while computing a text hover
!STACK 0
org.eclipse.wst.jsdt.internal.codeassist.select.SelectionNodeFound
	at org.eclipse.wst.jsdt.internal.codeassist.select.SelectionOnArgumentName.bind(SelectionOnArgumentName.java:29)
	at org.eclipse.wst.jsdt.internal.compiler.ast.AbstractMethodDeclaration.bindArguments(AbstractMethodDeclaration.java:141)
	at org.eclipse.wst.jsdt.internal.compiler.lookup.CompilationUnitScope$DeclarationVisitor.visit(CompilationUnitScope.java:114)
	at org.eclipse.wst.jsdt.internal.compiler.ast.MethodDeclaration.traverse(MethodDeclaration.java:165)
	at org.eclipse.wst.jsdt.internal.compiler.ast.CompilationUnitDeclaration.traverse(CompilationUnitDeclaration.java:584)
	at org.eclipse.wst.jsdt.internal.compiler.ast.CompilationUnitDeclaration.traverse(CompilationUnitDeclaration.java:545)
	at org.eclipse.wst.jsdt.internal.compiler.lookup.CompilationUnitScope.buildTypeBindings(CompilationUnitScope.java:392)
	at org.eclipse.wst.jsdt.internal.compiler.lookup.LookupEnvironment.buildTypeBindings(LookupEnvironment.java:320)
	at org.eclipse.wst.jsdt.internal.compiler.lookup.LookupEnvironment.buildTypeBindings(LookupEnvironment.java:316)
	at org.eclipse.wst.jsdt.internal.codeassist.SelectionEngine.select(SelectionEngine.java:729)
	at org.eclipse.wst.jsdt.internal.core.Openable.codeSelect(Openable.java:167)
	at org.eclipse.wst.jsdt.internal.core.CompilationUnit.codeSelect(CompilationUnit.java:318)
	at org.eclipse.wst.jsdt.internal.core.CompilationUnit.codeSelect(CompilationUnit.java:312)
	at org.eclipse.wst.jsdt.internal.ui.text.java.hover.AbstractJavaEditorTextHover.getHoverInfo(AbstractJavaEditorTextHover.java:114)
	at org.eclipse.wst.jsdt.internal.ui.text.java.hover.AbstractJavaEditorTextHover.getHoverInfo2(AbstractJavaEditorTextHover.java:95)
	at org.eclipse.wst.jsdt.internal.ui.text.java.hover.BestMatchHover.getHoverInfo2(BestMatchHover.java:147)
	at org.eclipse.wst.jsdt.internal.ui.text.java.hover.JavaEditorTextHoverProxy.getHoverInfo2(JavaEditorTextHoverProxy.java:78)
	at org.eclipse.jface.text.TextViewerHoverManager$4.run(TextViewerHoverManager.java:166)

!ENTRY org.eclipse.jface.text 4 0 2014-12-05 19:52:05.578
!MESSAGE Unexpected runtime error while computing a text hover
!STACK 0
org.eclipse.wst.jsdt.internal.codeassist.select.SelectionNodeFound
	at org.eclipse.wst.jsdt.internal.codeassist.select.SelectionOnArgumentName.bind(SelectionOnArgumentName.java:29)
	at org.eclipse.wst.jsdt.internal.compiler.ast.AbstractMethodDeclaration.bindArguments(AbstractMethodDeclaration.java:141)
	at org.eclipse.wst.jsdt.internal.compiler.lookup.CompilationUnitScope$DeclarationVisitor.visit(CompilationUnitScope.java:114)
	at org.eclipse.wst.jsdt.internal.compiler.ast.MethodDeclaration.traverse(MethodDeclaration.java:165)
	at org.eclipse.wst.jsdt.internal.compiler.ast.CompilationUnitDeclaration.traverse(CompilationUnitDeclaration.java:584)
	at org.eclipse.wst.jsdt.internal.compiler.ast.CompilationUnitDeclaration.traverse(CompilationUnitDeclaration.java:545)
	at org.eclipse.wst.jsdt.internal.compiler.lookup.CompilationUnitScope.buildTypeBindings(CompilationUnitScope.java:392)
	at org.eclipse.wst.jsdt.internal.compiler.lookup.LookupEnvironment.buildTypeBindings(LookupEnvironment.java:320)
	at org.eclipse.wst.jsdt.internal.compiler.lookup.LookupEnvironment.buildTypeBindings(LookupEnvironment.java:316)
	at org.eclipse.wst.jsdt.internal.codeassist.SelectionEngine.select(SelectionEngine.java:729)
	at org.eclipse.wst.jsdt.internal.core.Openable.codeSelect(Openable.java:167)
	at org.eclipse.wst.jsdt.internal.core.CompilationUnit.codeSelect(CompilationUnit.java:318)
	at org.eclipse.wst.jsdt.internal.core.CompilationUnit.codeSelect(CompilationUnit.java:312)
	at org.eclipse.wst.jsdt.internal.ui.text.java.hover.AbstractJavaEditorTextHover.getHoverInfo(AbstractJavaEditorTextHover.java:114)
	at org.eclipse.wst.jsdt.internal.ui.text.java.hover.AbstractJavaEditorTextHover.getHoverInfo2(AbstractJavaEditorTextHover.java:95)
	at org.eclipse.wst.jsdt.internal.ui.text.java.hover.BestMatchHover.getHoverInfo2(BestMatchHover.java:147)
	at org.eclipse.wst.jsdt.internal.ui.text.java.hover.JavaEditorTextHoverProxy.getHoverInfo2(JavaEditorTextHoverProxy.java:78)
	at org.eclipse.jface.text.TextViewerHoverManager$4.run(TextViewerHoverManager.java:166)

!ENTRY org.eclipse.jface.text 4 0 2014-12-05 19:52:06.703
!MESSAGE Unexpected runtime error while computing a text hover
!STACK 0
org.eclipse.wst.jsdt.internal.codeassist.select.SelectionNodeFound
	at org.eclipse.wst.jsdt.internal.codeassist.select.SelectionOnArgumentName.bind(SelectionOnArgumentName.java:29)
	at org.eclipse.wst.jsdt.internal.compiler.ast.AbstractMethodDeclaration.bindArguments(AbstractMethodDeclaration.java:141)
	at org.eclipse.wst.jsdt.internal.compiler.lookup.CompilationUnitScope$DeclarationVisitor.visit(CompilationUnitScope.java:114)
	at org.eclipse.wst.jsdt.internal.compiler.ast.MethodDeclaration.traverse(MethodDeclaration.java:165)
	at org.eclipse.wst.jsdt.internal.compiler.ast.CompilationUnitDeclaration.traverse(CompilationUnitDeclaration.java:584)
	at org.eclipse.wst.jsdt.internal.compiler.ast.CompilationUnitDeclaration.traverse(CompilationUnitDeclaration.java:545)
	at org.eclipse.wst.jsdt.internal.compiler.lookup.CompilationUnitScope.buildTypeBindings(CompilationUnitScope.java:392)
	at org.eclipse.wst.jsdt.internal.compiler.lookup.LookupEnvironment.buildTypeBindings(LookupEnvironment.java:320)
	at org.eclipse.wst.jsdt.internal.compiler.lookup.LookupEnvironment.buildTypeBindings(LookupEnvironment.java:316)
	at org.eclipse.wst.jsdt.internal.codeassist.SelectionEngine.select(SelectionEngine.java:729)
	at org.eclipse.wst.jsdt.internal.core.Openable.codeSelect(Openable.java:167)
	at org.eclipse.wst.jsdt.internal.core.CompilationUnit.codeSelect(CompilationUnit.java:318)
	at org.eclipse.wst.jsdt.internal.core.CompilationUnit.codeSelect(CompilationUnit.java:312)
	at org.eclipse.wst.jsdt.internal.ui.text.java.hover.AbstractJavaEditorTextHover.getHoverInfo(AbstractJavaEditorTextHover.java:114)
	at org.eclipse.wst.jsdt.internal.ui.text.java.hover.AbstractJavaEditorTextHover.getHoverInfo2(AbstractJavaEditorTextHover.java:95)
	at org.eclipse.wst.jsdt.internal.ui.text.java.hover.BestMatchHover.getHoverInfo2(BestMatchHover.java:147)
	at org.eclipse.wst.jsdt.internal.ui.text.java.hover.JavaEditorTextHoverProxy.getHoverInfo2(JavaEditorTextHoverProxy.java:78)
	at org.eclipse.jface.text.TextViewerHoverManager$4.run(TextViewerHoverManager.java:166)

!ENTRY org.eclipse.jface.text 4 0 2014-12-05 20:46:22.015
!MESSAGE Unexpected runtime error while computing a text hover
!STACK 0
org.eclipse.wst.jsdt.internal.codeassist.select.SelectionNodeFound
	at org.eclipse.wst.jsdt.internal.codeassist.select.SelectionOnArgumentName.bind(SelectionOnArgumentName.java:29)
	at org.eclipse.wst.jsdt.internal.compiler.ast.AbstractMethodDeclaration.bindArguments(AbstractMethodDeclaration.java:141)
	at org.eclipse.wst.jsdt.internal.compiler.lookup.CompilationUnitScope$DeclarationVisitor.visit(CompilationUnitScope.java:114)
	at org.eclipse.wst.jsdt.internal.compiler.ast.MethodDeclaration.traverse(MethodDeclaration.java:165)
	at org.eclipse.wst.jsdt.internal.compiler.ast.CompilationUnitDeclaration.traverse(CompilationUnitDeclaration.java:584)
	at org.eclipse.wst.jsdt.internal.compiler.ast.CompilationUnitDeclaration.traverse(CompilationUnitDeclaration.java:545)
	at org.eclipse.wst.jsdt.internal.compiler.lookup.CompilationUnitScope.buildTypeBindings(CompilationUnitScope.java:392)
	at org.eclipse.wst.jsdt.internal.compiler.lookup.LookupEnvironment.buildTypeBindings(LookupEnvironment.java:320)
	at org.eclipse.wst.jsdt.internal.compiler.lookup.LookupEnvironment.buildTypeBindings(LookupEnvironment.java:316)
	at org.eclipse.wst.jsdt.internal.codeassist.SelectionEngine.select(SelectionEngine.java:729)
	at org.eclipse.wst.jsdt.internal.core.Openable.codeSelect(Openable.java:167)
	at org.eclipse.wst.jsdt.internal.core.CompilationUnit.codeSelect(CompilationUnit.java:318)
	at org.eclipse.wst.jsdt.internal.core.CompilationUnit.codeSelect(CompilationUnit.java:312)
	at org.eclipse.wst.jsdt.internal.ui.text.java.hover.AbstractJavaEditorTextHover.getHoverInfo(AbstractJavaEditorTextHover.java:114)
	at org.eclipse.wst.jsdt.internal.ui.text.java.hover.AbstractJavaEditorTextHover.getHoverInfo2(AbstractJavaEditorTextHover.java:95)
	at org.eclipse.wst.jsdt.internal.ui.text.java.hover.BestMatchHover.getHoverInfo2(BestMatchHover.java:147)
	at org.eclipse.wst.jsdt.internal.ui.text.java.hover.JavaEditorTextHoverProxy.getHoverInfo2(JavaEditorTextHoverProxy.java:78)
	at org.eclipse.jface.text.TextViewerHoverManager$4.run(TextViewerHoverManager.java:166)

!ENTRY org.eclipse.jface.text 4 0 2014-12-05 20:46:22.062
!MESSAGE Unexpected runtime error while computing a text hover
!STACK 0
org.eclipse.wst.jsdt.internal.codeassist.select.SelectionNodeFound
	at org.eclipse.wst.jsdt.internal.codeassist.select.SelectionOnArgumentName.bind(SelectionOnArgumentName.java:29)
	at org.eclipse.wst.jsdt.internal.compiler.ast.AbstractMethodDeclaration.bindArguments(AbstractMethodDeclaration.java:141)
	at org.eclipse.wst.jsdt.internal.compiler.lookup.CompilationUnitScope$DeclarationVisitor.visit(CompilationUnitScope.java:114)
	at org.eclipse.wst.jsdt.internal.compiler.ast.MethodDeclaration.traverse(MethodDeclaration.java:165)
	at org.eclipse.wst.jsdt.internal.compiler.ast.CompilationUnitDeclaration.traverse(CompilationUnitDeclaration.java:584)
	at org.eclipse.wst.jsdt.internal.compiler.ast.CompilationUnitDeclaration.traverse(CompilationUnitDeclaration.java:545)
	at org.eclipse.wst.jsdt.internal.compiler.lookup.CompilationUnitScope.buildTypeBindings(CompilationUnitScope.java:392)
	at org.eclipse.wst.jsdt.internal.compiler.lookup.LookupEnvironment.buildTypeBindings(LookupEnvironment.java:320)
	at org.eclipse.wst.jsdt.internal.compiler.lookup.LookupEnvironment.buildTypeBindings(LookupEnvironment.java:316)
	at org.eclipse.wst.jsdt.internal.codeassist.SelectionEngine.select(SelectionEngine.java:729)
	at org.eclipse.wst.jsdt.internal.core.Openable.codeSelect(Openable.java:167)
	at org.eclipse.wst.jsdt.internal.core.CompilationUnit.codeSelect(CompilationUnit.java:318)
	at org.eclipse.wst.jsdt.internal.core.CompilationUnit.codeSelect(CompilationUnit.java:312)
	at org.eclipse.wst.jsdt.internal.ui.text.java.hover.AbstractJavaEditorTextHover.getHoverInfo(AbstractJavaEditorTextHover.java:114)
	at org.eclipse.wst.jsdt.internal.ui.text.java.hover.AbstractJavaEditorTextHover.getHoverInfo2(AbstractJavaEditorTextHover.java:95)
	at org.eclipse.wst.jsdt.internal.ui.text.java.hover.BestMatchHover.getHoverInfo2(BestMatchHover.java:147)
	at org.eclipse.wst.jsdt.internal.ui.text.java.hover.JavaEditorTextHoverProxy.getHoverInfo2(JavaEditorTextHoverProxy.java:78)
	at org.eclipse.jface.text.TextViewerHoverManager$4.run(TextViewerHoverManager.java:166)
!SESSION 2014-12-08 09:02:30.250 -----------------------------------------------
eclipse.buildId=unknown
java.version=1.6.0_18
java.vendor=Sun Microsystems Inc.
BootLoader constants: OS=win32, ARCH=x86, WS=win32, NL=zh_CN
Framework arguments:  -showlocation
Command-line arguments:  -os win32 -ws win32 -arch x86 -showlocation

!ENTRY org.eclipse.jface 2 0 2014-12-08 09:02:59.140
!MESSAGE Keybinding conflicts occurred.  They may interfere with normal accelerator operation.
!SUBENTRY 1 org.eclipse.jface 2 0 2014-12-08 09:02:59.140
!MESSAGE A conflict occurred for CTRL+SHIFT+I:
Binding(CTRL+SHIFT+I,
	ParameterizedCommand(Command(org.eclipse.jdt.debug.ui.commands.Inspect,Inspect,
		Inspect result of evaluating selected text,
		Category(org.eclipse.debug.ui.category.run,Run/Debug,Run/Debug command category,true),
		,
		,,true),null),
	org.eclipse.ui.defaultAcceleratorConfiguration,
	org.eclipse.ui.contexts.dialogAndWindow,,,system)
Binding(CTRL+SHIFT+I,
	ParameterizedCommand(Command(org.eclipse.php.debug.ui.commands.Inspect,Inspect,
		Inspect result of evaluating selected text,
		Category(org.eclipse.debug.ui.category.run,Run/Debug,Run/Debug command category,true),
		,
		,,true),null),
	org.eclipse.ui.defaultAcceleratorConfiguration,
	org.eclipse.ui.contexts.dialogAndWindow,,,system)

!ENTRY org.eclipse.osgi 2 1 2014-12-08 09:03:00.453
!MESSAGE NLS missing message: CreateProjectWorkspaceJob_1 in: com.zend.php.remoteproject.internal.ui.wizard.messages

!ENTRY org.eclipse.osgi 2 0 2014-12-08 09:03:15.203
!MESSAGE While loading class "org.eclipse.dltk.internal.core.index.sql.h2.H2ContainerDao", thread "Thread[DLTK indexing,4,main]" timed out waiting (5016ms) for thread "Thread[Worker-11,5,main]" to finish starting bundle "org.eclipse.dltk.core.index.sql.h2_3.0.0.v20110615-1000 [158]". To avoid deadlock, thread "Thread[DLTK indexing,4,main]" is proceeding but "org.eclipse.dltk.internal.core.index.sql.h2.H2ContainerDao" may not be fully initialized.
!STACK 0
org.osgi.framework.BundleException: State change in progress for bundle "reference:file:plugins/org.eclipse.dltk.core.index.sql.h2_3.0.0.v20110615-1000.jar" by thread "Worker-11".
	at org.eclipse.osgi.framework.internal.core.AbstractBundle.beginStateChange(AbstractBundle.java:1087)
	at org.eclipse.osgi.framework.internal.core.AbstractBundle.start(AbstractBundle.java:297)
	at org.eclipse.osgi.framework.util.SecureAction.start(SecureAction.java:440)
	at org.eclipse.osgi.internal.loader.BundleLoader.setLazyTrigger(BundleLoader.java:268)
	at org.eclipse.core.runtime.internal.adaptor.EclipseLazyStarter.postFindLocalClass(EclipseLazyStarter.java:107)
	at org.eclipse.osgi.baseadaptor.loader.ClasspathManager.findLocalClass(ClasspathManager.java:462)
	at org.eclipse.osgi.internal.baseadaptor.DefaultClassLoader.findLocalClass(DefaultClassLoader.java:216)
	at org.eclipse.osgi.internal.loader.BundleLoader.findLocalClass(BundleLoader.java:400)
	at org.eclipse.osgi.internal.loader.BundleLoader.findClassInternal(BundleLoader.java:476)
	at org.eclipse.osgi.internal.loader.BundleLoader.findClass(BundleLoader.java:429)
	at org.eclipse.osgi.internal.loader.BundleLoader.findClass(BundleLoader.java:417)
	at org.eclipse.osgi.internal.baseadaptor.DefaultClassLoader.loadClass(DefaultClassLoader.java:107)
	at java.lang.ClassLoader.loadClass(Unknown Source)
	at org.eclipse.dltk.internal.core.index.sql.h2.H2DbFactory.getContainerDao(H2DbFactory.java:156)
	at org.eclipse.dltk.internal.core.index.sql.SqlIndexer.getDocuments(SqlIndexer.java:160)
	at org.eclipse.dltk.internal.core.index2.AbstractIndexRequest.analyzeSourceModuleChanges(AbstractIndexRequest.java:122)
	at org.eclipse.dltk.internal.core.index2.SourceModulesRequest.run(SourceModulesRequest.java:62)
	at org.eclipse.dltk.core.search.indexing.AbstractJob.execute(AbstractJob.java:76)
	at org.eclipse.dltk.internal.core.search.processing.JobManager.run(JobManager.java:467)
	at java.lang.Thread.run(Unknown Source)
Caused by: org.eclipse.osgi.framework.internal.core.AbstractBundle$BundleStatusException
	... 20 more
Root exception:
org.eclipse.osgi.framework.internal.core.AbstractBundle$BundleStatusException
	at org.eclipse.osgi.framework.internal.core.AbstractBundle.beginStateChange(AbstractBundle.java:1087)
	at org.eclipse.osgi.framework.internal.core.AbstractBundle.start(AbstractBundle.java:297)
	at org.eclipse.osgi.framework.util.SecureAction.start(SecureAction.java:440)
	at org.eclipse.osgi.internal.loader.BundleLoader.setLazyTrigger(BundleLoader.java:268)
	at org.eclipse.core.runtime.internal.adaptor.EclipseLazyStarter.postFindLocalClass(EclipseLazyStarter.java:107)
	at org.eclipse.osgi.baseadaptor.loader.ClasspathManager.findLocalClass(ClasspathManager.java:462)
	at org.eclipse.osgi.internal.baseadaptor.DefaultClassLoader.findLocalClass(DefaultClassLoader.java:216)
	at org.eclipse.osgi.internal.loader.BundleLoader.findLocalClass(BundleLoader.java:400)
	at org.eclipse.osgi.internal.loader.BundleLoader.findClassInternal(BundleLoader.java:476)
	at org.eclipse.osgi.internal.loader.BundleLoader.findClass(BundleLoader.java:429)
	at org.eclipse.osgi.internal.loader.BundleLoader.findClass(BundleLoader.java:417)
	at org.eclipse.osgi.internal.baseadaptor.DefaultClassLoader.loadClass(DefaultClassLoader.java:107)
	at java.lang.ClassLoader.loadClass(Unknown Source)
	at org.eclipse.dltk.internal.core.index.sql.h2.H2DbFactory.getContainerDao(H2DbFactory.java:156)
	at org.eclipse.dltk.internal.core.index.sql.SqlIndexer.getDocuments(SqlIndexer.java:160)
	at org.eclipse.dltk.internal.core.index2.AbstractIndexRequest.analyzeSourceModuleChanges(AbstractIndexRequest.java:122)
	at org.eclipse.dltk.internal.core.index2.SourceModulesRequest.run(SourceModulesRequest.java:62)
	at org.eclipse.dltk.core.search.indexing.AbstractJob.execute(AbstractJob.java:76)
	at org.eclipse.dltk.internal.core.search.processing.JobManager.run(JobManager.java:467)
	at java.lang.Thread.run(Unknown Source)

!ENTRY org.eclipse.osgi 2 0 2014-12-08 09:03:20.656
!MESSAGE While loading class "org.eclipse.dltk.internal.core.index.sql.h2.H2FileDao", thread "Thread[DLTK indexing,4,main]" timed out waiting (5000ms) for thread "Thread[Worker-11,5,main]" to finish starting bundle "org.eclipse.dltk.core.index.sql.h2_3.0.0.v20110615-1000 [158]". To avoid deadlock, thread "Thread[DLTK indexing,4,main]" is proceeding but "org.eclipse.dltk.internal.core.index.sql.h2.H2FileDao" may not be fully initialized.
!STACK 0
org.osgi.framework.BundleException: State change in progress for bundle "reference:file:plugins/org.eclipse.dltk.core.index.sql.h2_3.0.0.v20110615-1000.jar" by thread "Worker-11".
	at org.eclipse.osgi.framework.internal.core.AbstractBundle.beginStateChange(AbstractBundle.java:1087)
	at org.eclipse.osgi.framework.internal.core.AbstractBundle.start(AbstractBundle.java:297)
	at org.eclipse.osgi.framework.util.SecureAction.start(SecureAction.java:440)
	at org.eclipse.osgi.internal.loader.BundleLoader.setLazyTrigger(BundleLoader.java:268)
	at org.eclipse.core.runtime.internal.adaptor.EclipseLazyStarter.postFindLocalClass(EclipseLazyStarter.java:107)
	at org.eclipse.osgi.baseadaptor.loader.ClasspathManager.findLocalClass(ClasspathManager.java:462)
	at org.eclipse.osgi.internal.baseadaptor.DefaultClassLoader.findLocalClass(DefaultClassLoader.java:216)
	at org.eclipse.osgi.internal.loader.BundleLoader.findLocalClass(BundleLoader.java:400)
	at org.eclipse.osgi.internal.loader.BundleLoader.findClassInternal(BundleLoader.java:476)
	at org.eclipse.osgi.internal.loader.BundleLoader.findClass(BundleLoader.java:429)
	at org.eclipse.osgi.internal.loader.BundleLoader.findClass(BundleLoader.java:417)
	at org.eclipse.osgi.internal.baseadaptor.DefaultClassLoader.loadClass(DefaultClassLoader.java:107)
	at java.lang.ClassLoader.loadClass(Unknown Source)
	at org.eclipse.dltk.internal.core.index.sql.h2.H2DbFactory.getFileDao(H2DbFactory.java:164)
	at org.eclipse.dltk.internal.core.index.sql.SqlIndexer.getDocuments(SqlIndexer.java:164)
	at org.eclipse.dltk.internal.core.index2.AbstractIndexRequest.analyzeSourceModuleChanges(AbstractIndexRequest.java:122)
	at org.eclipse.dltk.internal.core.index2.SourceModulesRequest.run(SourceModulesRequest.java:62)
	at org.eclipse.dltk.core.search.indexing.AbstractJob.execute(AbstractJob.java:76)
	at org.eclipse.dltk.internal.core.search.processing.JobManager.run(JobManager.java:467)
	at java.lang.Thread.run(Unknown Source)
Caused by: org.eclipse.osgi.framework.internal.core.AbstractBundle$BundleStatusException
	... 20 more
Root exception:
org.eclipse.osgi.framework.internal.core.AbstractBundle$BundleStatusException
	at org.eclipse.osgi.framework.internal.core.AbstractBundle.beginStateChange(AbstractBundle.java:1087)
	at org.eclipse.osgi.framework.internal.core.AbstractBundle.start(AbstractBundle.java:297)
	at org.eclipse.osgi.framework.util.SecureAction.start(SecureAction.java:440)
	at org.eclipse.osgi.internal.loader.BundleLoader.setLazyTrigger(BundleLoader.java:268)
	at org.eclipse.core.runtime.internal.adaptor.EclipseLazyStarter.postFindLocalClass(EclipseLazyStarter.java:107)
	at org.eclipse.osgi.baseadaptor.loader.ClasspathManager.findLocalClass(ClasspathManager.java:462)
	at org.eclipse.osgi.internal.baseadaptor.DefaultClassLoader.findLocalClass(DefaultClassLoader.java:216)
	at org.eclipse.osgi.internal.loader.BundleLoader.findLocalClass(BundleLoader.java:400)
	at org.eclipse.osgi.internal.loader.BundleLoader.findClassInternal(BundleLoader.java:476)
	at org.eclipse.osgi.internal.loader.BundleLoader.findClass(BundleLoader.java:429)
	at org.eclipse.osgi.internal.loader.BundleLoader.findClass(BundleLoader.java:417)
	at org.eclipse.osgi.internal.baseadaptor.DefaultClassLoader.loadClass(DefaultClassLoader.java:107)
	at java.lang.ClassLoader.loadClass(Unknown Source)
	at org.eclipse.dltk.internal.core.index.sql.h2.H2DbFactory.getFileDao(H2DbFactory.java:164)
	at org.eclipse.dltk.internal.core.index.sql.SqlIndexer.getDocuments(SqlIndexer.java:164)
	at org.eclipse.dltk.internal.core.index2.AbstractIndexRequest.analyzeSourceModuleChanges(AbstractIndexRequest.java:122)
	at org.eclipse.dltk.internal.core.index2.SourceModulesRequest.run(SourceModulesRequest.java:62)
	at org.eclipse.dltk.core.search.indexing.AbstractJob.execute(AbstractJob.java:76)
	at org.eclipse.dltk.internal.core.search.processing.JobManager.run(JobManager.java:467)
	at java.lang.Thread.run(Unknown Source)

!ENTRY org.eclipse.ui.workbench 2 0 2014-12-08 09:11:00.453
!MESSAGE A handler conflict occurred.  This may disable some commands.
!SUBENTRY 1 org.eclipse.ui.workbench 2 0 2014-12-08 09:11:00.453
!MESSAGE Conflict for 'org.eclipse.dltk.ui.edit.text.script.refactor.quickMenu':
HandlerActivation(commandId=org.eclipse.dltk.ui.edit.text.script.refactor.quickMenu,
	handler=org.eclipse.dltk.internal.ui.actions.refactoring.RefactorActionGroup$3@bc03b,
	expression=AndExpression(ActivePartExpression(org.eclipse.php.internal.ui.explorer.PHPExplorerPart@108565d),WorkbenchWindowExpression(org.eclipse.ui.internal.WorkbenchWindow@1384a6a)),sourcePriority=1064960)
HandlerActivation(commandId=org.eclipse.dltk.ui.edit.text.script.refactor.quickMenu,
	handler=org.eclipse.dltk.internal.ui.actions.refactoring.RefactorActionGroup$3@1796abe,
	expression=AndExpression(ActivePartExpression(org.eclipse.php.internal.ui.explorer.PHPExplorerPart@108565d),WorkbenchWindowExpression(org.eclipse.ui.internal.WorkbenchWindow@1384a6a)),sourcePriority=1064960)

!ENTRY org.eclipse.dltk.core 2 0 2014-12-08 09:12:44.875
!MESSAGE Error decoding problem idenfier "67108964"

!ENTRY org.eclipse.wst.xml.core 4 4 2014-12-08 09:42:29.156
!MESSAGE IStructuredDocumentRegion management failed.
!STACK 0
org.eclipse.wst.xml.core.internal.document.StructuredDocumentRegionManagementException: IStructuredDocumentRegion management failed.
	at org.eclipse.wst.xml.core.internal.document.XMLModelParser.removeStructuredDocumentRegion(XMLModelParser.java:2200)
	at org.eclipse.wst.xml.core.internal.document.XMLModelParser.replaceStructuredDocumentRegions(XMLModelParser.java:2339)
	at org.eclipse.wst.xml.core.internal.document.DOMModelImpl.nodesReplaced(DOMModelImpl.java:737)
	at org.eclipse.wst.sse.core.internal.text.BasicStructuredDocument._fireEvent(BasicStructuredDocument.java:600)
	at org.eclipse.wst.sse.core.internal.text.BasicStructuredDocument.fireStructuredDocumentEvent(BasicStructuredDocument.java:1198)
	at org.eclipse.wst.sse.core.internal.text.BasicStructuredDocument.internalReplaceText(BasicStructuredDocument.java:1979)
	at org.eclipse.wst.sse.core.internal.text.BasicStructuredDocument.replaceText(BasicStructuredDocument.java:2423)
	at org.eclipse.wst.sse.core.internal.text.BasicStructuredDocument.replaceText(BasicStructuredDocument.java:2408)
	at org.eclipse.wst.sse.core.internal.text.JobSafeStructuredDocument.access$2(JobSafeStructuredDocument.java:1)
	at org.eclipse.wst.sse.core.internal.text.JobSafeStructuredDocument$3.run(JobSafeStructuredDocument.java:141)
	at org.eclipse.core.runtime.SafeRunner.run(SafeRunner.java:42)
	at org.eclipse.wst.sse.ui.EditorExecutionContext.execute(EditorExecutionContext.java:149)
	at org.eclipse.wst.sse.core.internal.text.JobSafeStructuredDocument.replaceText(JobSafeStructuredDocument.java:144)
	at org.eclipse.wst.sse.core.internal.text.BasicStructuredDocument.replace(BasicStructuredDocument.java:2368)
	at org.eclipse.wst.sse.core.internal.text.JobSafeStructuredDocument.access$0(JobSafeStructuredDocument.java:1)
	at org.eclipse.wst.sse.core.internal.text.JobSafeStructuredDocument$1.run(JobSafeStructuredDocument.java:103)
	at org.eclipse.core.runtime.SafeRunner.run(SafeRunner.java:42)
	at org.eclipse.wst.sse.ui.EditorExecutionContext.execute(EditorExecutionContext.java:149)
	at org.eclipse.wst.sse.core.internal.text.JobSafeStructuredDocument.replace(JobSafeStructuredDocument.java:106)
	at org.eclipse.ui.texteditor.MoveLinesAction.runWithEvent(MoveLinesAction.java:359)
	at org.eclipse.ui.commands.ActionHandler.execute(ActionHandler.java:185)
	at org.eclipse.ui.internal.handlers.LegacyHandlerWrapper.execute(LegacyHandlerWrapper.java:109)
	at org.eclipse.core.commands.Command.executeWithChecks(Command.java:476)
	at org.eclipse.core.commands.ParameterizedCommand.executeWithChecks(ParameterizedCommand.java:508)
	at org.eclipse.ui.internal.handlers.HandlerService.executeCommand(HandlerService.java:169)
	at org.eclipse.ui.internal.keys.WorkbenchKeyboard.executeCommand(WorkbenchKeyboard.java:468)
	at org.eclipse.ui.internal.keys.WorkbenchKeyboard.press(WorkbenchKeyboard.java:786)
	at org.eclipse.ui.internal.keys.WorkbenchKeyboard.processKeyEvent(WorkbenchKeyboard.java:885)
	at org.eclipse.ui.internal.keys.WorkbenchKeyboard.filterKeySequenceBindings(WorkbenchKeyboard.java:567)
	at org.eclipse.ui.internal.keys.WorkbenchKeyboard.access$3(WorkbenchKeyboard.java:508)
	at org.eclipse.ui.internal.keys.WorkbenchKeyboard$KeyDownFilter.handleEvent(WorkbenchKeyboard.java:123)
	at org.eclipse.swt.widgets.EventTable.sendEvent(EventTable.java:84)
	at org.eclipse.swt.widgets.Display.filterEvent(Display.java:1262)
	at org.eclipse.swt.widgets.Widget.sendEvent(Widget.java:1052)
	at org.eclipse.swt.widgets.Widget.sendEvent(Widget.java:1077)
	at org.eclipse.swt.widgets.Widget.sendEvent(Widget.java:1062)
	at org.eclipse.swt.widgets.Widget.sendKeyEvent(Widget.java:1104)
	at org.eclipse.swt.widgets.Widget.sendKeyEvent(Widget.java:1100)
	at org.eclipse.swt.widgets.Widget.wmSysKeyDown(Widget.java:2558)
	at org.eclipse.swt.widgets.Control.WM_SYSKEYDOWN(Control.java:5302)
	at org.eclipse.swt.widgets.Control.windowProc(Control.java:4607)
	at org.eclipse.swt.widgets.Canvas.windowProc(Canvas.java:341)
	at org.eclipse.swt.widgets.Display.windowProc(Display.java:4972)
	at org.eclipse.swt.internal.win32.OS.DispatchMessageW(Native Method)
	at org.eclipse.swt.internal.win32.OS.DispatchMessage(OS.java:2531)
	at org.eclipse.swt.widgets.Display.readAndDispatch(Display.java:3752)
	at org.eclipse.ui.internal.Workbench.runEventLoop(Workbench.java:2696)
	at org.eclipse.ui.internal.Workbench.runUI(Workbench.java:2660)
	at org.eclipse.ui.internal.Workbench.access$4(Workbench.java:2494)
	at org.eclipse.ui.internal.Workbench$7.run(Workbench.java:674)
	at org.eclipse.core.databinding.observable.Realm.runWithDefault(Realm.java:332)
	at org.eclipse.ui.internal.Workbench.createAndRunWorkbench(Workbench.java:667)
	at org.eclipse.ui.PlatformUI.createAndRunWorkbench(PlatformUI.java:149)
	at org.eclipse.ui.internal.ide.application.IDEApplication.start(IDEApplication.java:123)
	at org.eclipse.equinox.internal.app.EclipseAppHandle.run(EclipseAppHandle.java:196)
	at org.eclipse.core.runtime.internal.adaptor.EclipseAppLauncher.runApplication(EclipseAppLauncher.java:110)
	at org.eclipse.core.runtime.internal.adaptor.EclipseAppLauncher.start(EclipseAppLauncher.java:79)
	at org.eclipse.core.runtime.adaptor.EclipseStarter.run(EclipseStarter.java:344)
	at org.eclipse.core.runtime.adaptor.EclipseStarter.run(EclipseStarter.java:179)
	at sun.reflect.NativeMethodAccessorImpl.invoke0(Native Method)
	at sun.reflect.NativeMethodAccessorImpl.invoke(Unknown Source)
	at sun.reflect.DelegatingMethodAccessorImpl.invoke(Unknown Source)
	at java.lang.reflect.Method.invoke(Unknown Source)
	at org.eclipse.equinox.launcher.Main.invokeFramework(Main.java:622)
	at org.eclipse.equinox.launcher.Main.basicRun(Main.java:577)
	at org.eclipse.equinox.launcher.Main.run(Main.java:1410)

!ENTRY org.eclipse.wst.xml.core 4 4 2014-12-08 09:42:30.062
!MESSAGE IStructuredDocumentRegion management failed.
!STACK 0
org.eclipse.wst.xml.core.internal.document.StructuredDocumentRegionManagementException: IStructuredDocumentRegion management failed.
	at org.eclipse.wst.xml.core.internal.document.XMLModelParser.removeStructuredDocumentRegion(XMLModelParser.java:2200)
	at org.eclipse.wst.xml.core.internal.document.XMLModelParser.replaceStructuredDocumentRegions(XMLModelParser.java:2339)
	at org.eclipse.wst.xml.core.internal.document.DOMModelImpl.nodesReplaced(DOMModelImpl.java:737)
	at org.eclipse.wst.sse.core.internal.text.BasicStructuredDocument._fireEvent(BasicStructuredDocument.java:600)
	at org.eclipse.wst.sse.core.internal.text.BasicStructuredDocument.fireStructuredDocumentEvent(BasicStructuredDocument.java:1198)
	at org.eclipse.wst.sse.core.internal.text.BasicStructuredDocument.internalReplaceText(BasicStructuredDocument.java:1979)
	at org.eclipse.wst.sse.core.internal.text.BasicStructuredDocument.replaceText(BasicStructuredDocument.java:2423)
	at org.eclipse.wst.sse.core.internal.text.BasicStructuredDocument.replaceText(BasicStructuredDocument.java:2408)
	at org.eclipse.wst.sse.core.internal.text.JobSafeStructuredDocument.access$2(JobSafeStructuredDocument.java:1)
	at org.eclipse.wst.sse.core.internal.text.JobSafeStructuredDocument$3.run(JobSafeStructuredDocument.java:141)
	at org.eclipse.core.runtime.SafeRunner.run(SafeRunner.java:42)
	at org.eclipse.wst.sse.ui.EditorExecutionContext.execute(EditorExecutionContext.java:149)
	at org.eclipse.wst.sse.core.internal.text.JobSafeStructuredDocument.replaceText(JobSafeStructuredDocument.java:144)
	at org.eclipse.wst.sse.core.internal.text.BasicStructuredDocument.replace(BasicStructuredDocument.java:2368)
	at org.eclipse.wst.sse.core.internal.text.JobSafeStructuredDocument.access$0(JobSafeStructuredDocument.java:1)
	at org.eclipse.wst.sse.core.internal.text.JobSafeStructuredDocument$1.run(JobSafeStructuredDocument.java:103)
	at org.eclipse.core.runtime.SafeRunner.run(SafeRunner.java:42)
	at org.eclipse.wst.sse.ui.EditorExecutionContext.execute(EditorExecutionContext.java:149)
	at org.eclipse.wst.sse.core.internal.text.JobSafeStructuredDocument.replace(JobSafeStructuredDocument.java:106)
	at org.eclipse.ui.texteditor.MoveLinesAction.runWithEvent(MoveLinesAction.java:359)
	at org.eclipse.ui.commands.ActionHandler.execute(ActionHandler.java:185)
	at org.eclipse.ui.internal.handlers.LegacyHandlerWrapper.execute(LegacyHandlerWrapper.java:109)
	at org.eclipse.core.commands.Command.executeWithChecks(Command.java:476)
	at org.eclipse.core.commands.ParameterizedCommand.executeWithChecks(ParameterizedCommand.java:508)
	at org.eclipse.ui.internal.handlers.HandlerService.executeCommand(HandlerService.java:169)
	at org.eclipse.ui.internal.keys.WorkbenchKeyboard.executeCommand(WorkbenchKeyboard.java:468)
	at org.eclipse.ui.internal.keys.WorkbenchKeyboard.press(WorkbenchKeyboard.java:786)
	at org.eclipse.ui.internal.keys.WorkbenchKeyboard.processKeyEvent(WorkbenchKeyboard.java:885)
	at org.eclipse.ui.internal.keys.WorkbenchKeyboard.filterKeySequenceBindings(WorkbenchKeyboard.java:567)
	at org.eclipse.ui.internal.keys.WorkbenchKeyboard.access$3(WorkbenchKeyboard.java:508)
	at org.eclipse.ui.internal.keys.WorkbenchKeyboard$KeyDownFilter.handleEvent(WorkbenchKeyboard.java:123)
	at org.eclipse.swt.widgets.EventTable.sendEvent(EventTable.java:84)
	at org.eclipse.swt.widgets.Display.filterEvent(Display.java:1262)
	at org.eclipse.swt.widgets.Widget.sendEvent(Widget.java:1052)
	at org.eclipse.swt.widgets.Widget.sendEvent(Widget.java:1077)
	at org.eclipse.swt.widgets.Widget.sendEvent(Widget.java:1062)
	at org.eclipse.swt.widgets.Widget.sendKeyEvent(Widget.java:1104)
	at org.eclipse.swt.widgets.Widget.sendKeyEvent(Widget.java:1100)
	at org.eclipse.swt.widgets.Widget.wmSysKeyDown(Widget.java:2558)
	at org.eclipse.swt.widgets.Control.WM_SYSKEYDOWN(Control.java:5302)
	at org.eclipse.swt.widgets.Control.windowProc(Control.java:4607)
	at org.eclipse.swt.widgets.Canvas.windowProc(Canvas.java:341)
	at org.eclipse.swt.widgets.Display.windowProc(Display.java:4985)
	at org.eclipse.swt.internal.win32.OS.DispatchMessageW(Native Method)
	at org.eclipse.swt.internal.win32.OS.DispatchMessage(OS.java:2531)
	at org.eclipse.swt.widgets.Display.readAndDispatch(Display.java:3752)
	at org.eclipse.ui.internal.Workbench.runEventLoop(Workbench.java:2696)
	at org.eclipse.ui.internal.Workbench.runUI(Workbench.java:2660)
	at org.eclipse.ui.internal.Workbench.access$4(Workbench.java:2494)
	at org.eclipse.ui.internal.Workbench$7.run(Workbench.java:674)
	at org.eclipse.core.databinding.observable.Realm.runWithDefault(Realm.java:332)
	at org.eclipse.ui.internal.Workbench.createAndRunWorkbench(Workbench.java:667)
	at org.eclipse.ui.PlatformUI.createAndRunWorkbench(PlatformUI.java:149)
	at org.eclipse.ui.internal.ide.application.IDEApplication.start(IDEApplication.java:123)
	at org.eclipse.equinox.internal.app.EclipseAppHandle.run(EclipseAppHandle.java:196)
	at org.eclipse.core.runtime.internal.adaptor.EclipseAppLauncher.runApplication(EclipseAppLauncher.java:110)
	at org.eclipse.core.runtime.internal.adaptor.EclipseAppLauncher.start(EclipseAppLauncher.java:79)
	at org.eclipse.core.runtime.adaptor.EclipseStarter.run(EclipseStarter.java:344)
	at org.eclipse.core.runtime.adaptor.EclipseStarter.run(EclipseStarter.java:179)
	at sun.reflect.NativeMethodAccessorImpl.invoke0(Native Method)
	at sun.reflect.NativeMethodAccessorImpl.invoke(Unknown Source)
	at sun.reflect.DelegatingMethodAccessorImpl.invoke(Unknown Source)
	at java.lang.reflect.Method.invoke(Unknown Source)
	at org.eclipse.equinox.launcher.Main.invokeFramework(Main.java:622)
	at org.eclipse.equinox.launcher.Main.basicRun(Main.java:577)
	at org.eclipse.equinox.launcher.Main.run(Main.java:1410)

!ENTRY org.eclipse.wst.xml.core 4 4 2014-12-08 09:42:30.937
!MESSAGE IStructuredDocumentRegion management failed.
!STACK 0
org.eclipse.wst.xml.core.internal.document.StructuredDocumentRegionManagementException: IStructuredDocumentRegion management failed.
	at org.eclipse.wst.xml.core.internal.document.XMLModelParser.removeStructuredDocumentRegion(XMLModelParser.java:2200)
	at org.eclipse.wst.xml.core.internal.document.XMLModelParser.replaceStructuredDocumentRegions(XMLModelParser.java:2339)
	at org.eclipse.wst.xml.core.internal.document.DOMModelImpl.nodesReplaced(DOMModelImpl.java:737)
	at org.eclipse.wst.sse.core.internal.text.BasicStructuredDocument._fireEvent(BasicStructuredDocument.java:600)
	at org.eclipse.wst.sse.core.internal.text.BasicStructuredDocument.fireStructuredDocumentEvent(BasicStructuredDocument.java:1198)
	at org.eclipse.wst.sse.core.internal.text.BasicStructuredDocument.internalReplaceText(BasicStructuredDocument.java:1979)
	at org.eclipse.wst.sse.core.internal.text.BasicStructuredDocument.replaceText(BasicStructuredDocument.java:2423)
	at org.eclipse.wst.sse.core.internal.text.BasicStructuredDocument.replaceText(BasicStructuredDocument.java:2408)
	at org.eclipse.wst.sse.core.internal.text.JobSafeStructuredDocument.access$2(JobSafeStructuredDocument.java:1)
	at org.eclipse.wst.sse.core.internal.text.JobSafeStructuredDocument$3.run(JobSafeStructuredDocument.java:141)
	at org.eclipse.core.runtime.SafeRunner.run(SafeRunner.java:42)
	at org.eclipse.wst.sse.ui.EditorExecutionContext.execute(EditorExecutionContext.java:149)
	at org.eclipse.wst.sse.core.internal.text.JobSafeStructuredDocument.replaceText(JobSafeStructuredDocument.java:144)
	at org.eclipse.wst.sse.core.internal.text.BasicStructuredDocument.replace(BasicStructuredDocument.java:2368)
	at org.eclipse.wst.sse.core.internal.text.JobSafeStructuredDocument.access$0(JobSafeStructuredDocument.java:1)
	at org.eclipse.wst.sse.core.internal.text.JobSafeStructuredDocument$1.run(JobSafeStructuredDocument.java:103)
	at org.eclipse.core.runtime.SafeRunner.run(SafeRunner.java:42)
	at org.eclipse.wst.sse.ui.EditorExecutionContext.execute(EditorExecutionContext.java:149)
	at org.eclipse.wst.sse.core.internal.text.JobSafeStructuredDocument.replace(JobSafeStructuredDocument.java:106)
	at org.eclipse.ui.texteditor.MoveLinesAction.runWithEvent(MoveLinesAction.java:359)
	at org.eclipse.ui.commands.ActionHandler.execute(ActionHandler.java:185)
	at org.eclipse.ui.internal.handlers.LegacyHandlerWrapper.execute(LegacyHandlerWrapper.java:109)
	at org.eclipse.core.commands.Command.executeWithChecks(Command.java:476)
	at org.eclipse.core.commands.ParameterizedCommand.executeWithChecks(ParameterizedCommand.java:508)
	at org.eclipse.ui.internal.handlers.HandlerService.executeCommand(HandlerService.java:169)
	at org.eclipse.ui.internal.keys.WorkbenchKeyboard.executeCommand(WorkbenchKeyboard.java:468)
	at org.eclipse.ui.internal.keys.WorkbenchKeyboard.press(WorkbenchKeyboard.java:786)
	at org.eclipse.ui.internal.keys.WorkbenchKeyboard.processKeyEvent(WorkbenchKeyboard.java:885)
	at org.eclipse.ui.internal.keys.WorkbenchKeyboard.filterKeySequenceBindings(WorkbenchKeyboard.java:567)
	at org.eclipse.ui.internal.keys.WorkbenchKeyboard.access$3(WorkbenchKeyboard.java:508)
	at org.eclipse.ui.internal.keys.WorkbenchKeyboard$KeyDownFilter.handleEvent(WorkbenchKeyboard.java:123)
	at org.eclipse.swt.widgets.EventTable.sendEvent(EventTable.java:84)
	at org.eclipse.swt.widgets.Display.filterEvent(Display.java:1262)
	at org.eclipse.swt.widgets.Widget.sendEvent(Widget.java:1052)
	at org.eclipse.swt.widgets.Widget.sendEvent(Widget.java:1077)
	at org.eclipse.swt.widgets.Widget.sendEvent(Widget.java:1062)
	at org.eclipse.swt.widgets.Widget.sendKeyEvent(Widget.java:1104)
	at org.eclipse.swt.widgets.Widget.sendKeyEvent(Widget.java:1100)
	at org.eclipse.swt.widgets.Widget.wmSysKeyDown(Widget.java:2558)
	at org.eclipse.swt.widgets.Control.WM_SYSKEYDOWN(Control.java:5302)
	at org.eclipse.swt.widgets.Control.windowProc(Control.java:4607)
	at org.eclipse.swt.widgets.Canvas.windowProc(Canvas.java:341)
	at org.eclipse.swt.widgets.Display.windowProc(Display.java:4985)
	at org.eclipse.swt.internal.win32.OS.DispatchMessageW(Native Method)
	at org.eclipse.swt.internal.win32.OS.DispatchMessage(OS.java:2531)
	at org.eclipse.swt.widgets.Display.readAndDispatch(Display.java:3752)
	at org.eclipse.ui.internal.Workbench.runEventLoop(Workbench.java:2696)
	at org.eclipse.ui.internal.Workbench.runUI(Workbench.java:2660)
	at org.eclipse.ui.internal.Workbench.access$4(Workbench.java:2494)
	at org.eclipse.ui.internal.Workbench$7.run(Workbench.java:674)
	at org.eclipse.core.databinding.observable.Realm.runWithDefault(Realm.java:332)
	at org.eclipse.ui.internal.Workbench.createAndRunWorkbench(Workbench.java:667)
	at org.eclipse.ui.PlatformUI.createAndRunWorkbench(PlatformUI.java:149)
	at org.eclipse.ui.internal.ide.application.IDEApplication.start(IDEApplication.java:123)
	at org.eclipse.equinox.internal.app.EclipseAppHandle.run(EclipseAppHandle.java:196)
	at org.eclipse.core.runtime.internal.adaptor.EclipseAppLauncher.runApplication(EclipseAppLauncher.java:110)
	at org.eclipse.core.runtime.internal.adaptor.EclipseAppLauncher.start(EclipseAppLauncher.java:79)
	at org.eclipse.core.runtime.adaptor.EclipseStarter.run(EclipseStarter.java:344)
	at org.eclipse.core.runtime.adaptor.EclipseStarter.run(EclipseStarter.java:179)
	at sun.reflect.NativeMethodAccessorImpl.invoke0(Native Method)
	at sun.reflect.NativeMethodAccessorImpl.invoke(Unknown Source)
	at sun.reflect.DelegatingMethodAccessorImpl.invoke(Unknown Source)
	at java.lang.reflect.Method.invoke(Unknown Source)
	at org.eclipse.equinox.launcher.Main.invokeFramework(Main.java:622)
	at org.eclipse.equinox.launcher.Main.basicRun(Main.java:577)
	at org.eclipse.equinox.launcher.Main.run(Main.java:1410)

!ENTRY com.zend.php.semanticanalysis.core 4 10001 2014-12-08 10:43:20.796
!MESSAGE Plugin internal error
!STACK 0
java.lang.NullPointerException
	at com.zend.php.semanticanalysis.internal.core.checks.EVariableDeclarationSearcher.postProcess(EVariableDeclarationSearcher.java)
	at com.zend.php.semanticanalysis.internal.core.checks.UndeclaredVariableCheck$UndeclaredVarsSearcher.postProcess(UndeclaredVariableCheck.java)
	at org.eclipse.php.internal.core.typeinference.VariableDeclarationSearcher.visit(VariableDeclarationSearcher.java:161)
	at org.eclipse.php.internal.core.compiler.ast.nodes.PHPCallExpression.traverse(PHPCallExpression.java:37)
	at org.eclipse.php.internal.core.compiler.ast.nodes.UnaryOperation.traverse(UnaryOperation.java:51)
	at org.eclipse.php.internal.core.compiler.ast.nodes.IfStatement.traverse(IfStatement.java:54)
	at org.eclipse.dltk.ast.statements.Block.traverse(Block.java:43)
	at org.eclipse.dltk.ast.declarations.MethodDeclaration.traverseChildNodes(MethodDeclaration.java:97)
	at org.eclipse.dltk.ast.declarations.MethodDeclaration.traverse(MethodDeclaration.java:71)
	at org.eclipse.dltk.ast.statements.Block.traverse(Block.java:43)
	at org.eclipse.dltk.ast.declarations.TypeDeclaration.traverse(TypeDeclaration.java:158)
	at org.eclipse.dltk.ast.statements.Block.traverse(Block.java:43)
	at org.eclipse.dltk.ast.declarations.TypeDeclaration.traverse(TypeDeclaration.java:158)
	at org.eclipse.dltk.ast.statements.Block.traverse(Block.java:43)
	at org.eclipse.dltk.ast.declarations.ModuleDeclaration.traverse(ModuleDeclaration.java:71)
	at com.zend.php.semanticanalysis.internal.core.checks.UndeclaredVariableCheck.a(UndeclaredVariableCheck.java)
	at com.zend.php.semanticanalysis.internal.core.SemanticAnalysisBuilder.a(SemanticAnalysisBuilder.java)
	at com.zend.php.semanticanalysis.internal.core.SemanticAnalysisBuilder.build(SemanticAnalysisBuilder.java)
	at org.eclipse.dltk.internal.core.builder.ScriptBuilder.incrementalBuild(ScriptBuilder.java:555)
	at org.eclipse.dltk.internal.core.builder.ScriptBuilder.build(ScriptBuilder.java:172)
	at org.eclipse.core.internal.events.BuildManager$2.run(BuildManager.java:728)
	at org.eclipse.core.runtime.SafeRunner.run(SafeRunner.java:42)
	at org.eclipse.core.internal.events.BuildManager.basicBuild(BuildManager.java:199)
	at org.eclipse.core.internal.events.BuildManager.basicBuild(BuildManager.java:239)
	at org.eclipse.core.internal.events.BuildManager$1.run(BuildManager.java:292)
	at org.eclipse.core.runtime.SafeRunner.run(SafeRunner.java:42)
	at org.eclipse.core.internal.events.BuildManager.basicBuild(BuildManager.java:295)
	at org.eclipse.core.internal.events.BuildManager.basicBuildLoop(BuildManager.java:351)
	at org.eclipse.core.internal.events.BuildManager.build(BuildManager.java:374)
	at org.eclipse.core.internal.events.AutoBuildJob.doBuild(AutoBuildJob.java:143)
	at org.eclipse.core.internal.events.AutoBuildJob.run(AutoBuildJob.java:241)
	at org.eclipse.core.internal.jobs.Worker.run(Worker.java:54)

!ENTRY com.zend.php.semanticanalysis.core 4 10001 2014-12-08 10:43:21.109
!MESSAGE Plugin internal error
!STACK 0
java.lang.NullPointerException
	at com.zend.php.semanticanalysis.internal.core.checks.EVariableDeclarationSearcher.postProcess(EVariableDeclarationSearcher.java)
	at com.zend.php.semanticanalysis.internal.core.checks.UndeclaredVariableCheck$UndeclaredVarsSearcher.postProcess(UndeclaredVariableCheck.java)
	at org.eclipse.php.internal.core.typeinference.VariableDeclarationSearcher.visit(VariableDeclarationSearcher.java:161)
	at org.eclipse.php.internal.core.compiler.ast.nodes.PHPCallExpression.traverse(PHPCallExpression.java:37)
	at org.eclipse.php.internal.core.compiler.ast.nodes.UnaryOperation.traverse(UnaryOperation.java:51)
	at org.eclipse.php.internal.core.compiler.ast.nodes.IfStatement.traverse(IfStatement.java:54)
	at org.eclipse.dltk.ast.statements.Block.traverse(Block.java:43)
	at org.eclipse.dltk.ast.declarations.MethodDeclaration.traverseChildNodes(MethodDeclaration.java:97)
	at org.eclipse.dltk.ast.declarations.MethodDeclaration.traverse(MethodDeclaration.java:71)
	at org.eclipse.dltk.ast.statements.Block.traverse(Block.java:43)
	at org.eclipse.dltk.ast.declarations.TypeDeclaration.traverse(TypeDeclaration.java:158)
	at org.eclipse.dltk.ast.statements.Block.traverse(Block.java:43)
	at org.eclipse.dltk.ast.declarations.TypeDeclaration.traverse(TypeDeclaration.java:158)
	at org.eclipse.dltk.ast.statements.Block.traverse(Block.java:43)
	at org.eclipse.dltk.ast.declarations.ModuleDeclaration.traverse(ModuleDeclaration.java:71)
	at com.zend.php.semanticanalysis.internal.core.checks.UndeclaredVariableCheck.a(UndeclaredVariableCheck.java)
	at com.zend.php.semanticanalysis.internal.core.SemanticAnalysisBuilder.a(SemanticAnalysisBuilder.java)
	at com.zend.php.semanticanalysis.internal.core.SemanticAnalysisBuilder.build(SemanticAnalysisBuilder.java)
	at org.eclipse.dltk.internal.core.builder.ScriptBuilder.incrementalBuild(ScriptBuilder.java:555)
	at org.eclipse.dltk.internal.core.builder.ScriptBuilder.build(ScriptBuilder.java:172)
	at org.eclipse.core.internal.events.BuildManager$2.run(BuildManager.java:728)
	at org.eclipse.core.runtime.SafeRunner.run(SafeRunner.java:42)
	at org.eclipse.core.internal.events.BuildManager.basicBuild(BuildManager.java:199)
	at org.eclipse.core.internal.events.BuildManager.basicBuild(BuildManager.java:239)
	at org.eclipse.core.internal.events.BuildManager$1.run(BuildManager.java:292)
	at org.eclipse.core.runtime.SafeRunner.run(SafeRunner.java:42)
	at org.eclipse.core.internal.events.BuildManager.basicBuild(BuildManager.java:295)
	at org.eclipse.core.internal.events.BuildManager.basicBuildLoop(BuildManager.java:351)
	at org.eclipse.core.internal.events.BuildManager.build(BuildManager.java:374)
	at org.eclipse.core.internal.events.AutoBuildJob.doBuild(AutoBuildJob.java:143)
	at org.eclipse.core.internal.events.AutoBuildJob.run(AutoBuildJob.java:241)
	at org.eclipse.core.internal.jobs.Worker.run(Worker.java:54)

!ENTRY com.zend.php.semanticanalysis.core 4 10001 2014-12-08 10:43:21.109
!MESSAGE Plugin internal error
!STACK 0
java.lang.NullPointerException
	at com.zend.php.semanticanalysis.internal.core.checks.EVariableDeclarationSearcher.postProcess(EVariableDeclarationSearcher.java)
	at com.zend.php.semanticanalysis.internal.core.checks.UndeclaredVariableCheck$UndeclaredVarsSearcher.postProcess(UndeclaredVariableCheck.java)
	at org.eclipse.php.internal.core.typeinference.VariableDeclarationSearcher.visit(VariableDeclarationSearcher.java:161)
	at org.eclipse.php.internal.core.compiler.ast.nodes.PHPCallExpression.traverse(PHPCallExpression.java:37)
	at org.eclipse.php.internal.core.compiler.ast.nodes.UnaryOperation.traverse(UnaryOperation.java:51)
	at org.eclipse.php.internal.core.compiler.ast.nodes.IfStatement.traverse(IfStatement.java:54)
	at org.eclipse.dltk.ast.statements.Block.traverse(Block.java:43)
	at org.eclipse.dltk.ast.declarations.MethodDeclaration.traverseChildNodes(MethodDeclaration.java:97)
	at org.eclipse.dltk.ast.declarations.MethodDeclaration.traverse(MethodDeclaration.java:71)
	at org.eclipse.dltk.ast.statements.Block.traverse(Block.java:43)
	at org.eclipse.dltk.ast.declarations.TypeDeclaration.traverse(TypeDeclaration.java:158)
	at org.eclipse.dltk.ast.statements.Block.traverse(Block.java:43)
	at org.eclipse.dltk.ast.declarations.TypeDeclaration.traverse(TypeDeclaration.java:158)
	at org.eclipse.dltk.ast.statements.Block.traverse(Block.java:43)
	at org.eclipse.dltk.ast.declarations.ModuleDeclaration.traverse(ModuleDeclaration.java:71)
	at com.zend.php.semanticanalysis.internal.core.checks.UndeclaredVariableCheck.a(UndeclaredVariableCheck.java)
	at com.zend.php.semanticanalysis.internal.core.SemanticAnalysisBuilder.a(SemanticAnalysisBuilder.java)
	at com.zend.php.semanticanalysis.internal.core.SemanticAnalysisBuilder.build(SemanticAnalysisBuilder.java)
	at org.eclipse.dltk.internal.core.builder.ScriptBuilder.incrementalBuild(ScriptBuilder.java:555)
	at org.eclipse.dltk.internal.core.builder.ScriptBuilder.build(ScriptBuilder.java:172)
	at org.eclipse.core.internal.events.BuildManager$2.run(BuildManager.java:728)
	at org.eclipse.core.runtime.SafeRunner.run(SafeRunner.java:42)
	at org.eclipse.core.internal.events.BuildManager.basicBuild(BuildManager.java:199)
	at org.eclipse.core.internal.events.BuildManager.basicBuild(BuildManager.java:239)
	at org.eclipse.core.internal.events.BuildManager$1.run(BuildManager.java:292)
	at org.eclipse.core.runtime.SafeRunner.run(SafeRunner.java:42)
	at org.eclipse.core.internal.events.BuildManager.basicBuild(BuildManager.java:295)
	at org.eclipse.core.internal.events.BuildManager.basicBuildLoop(BuildManager.java:351)
	at org.eclipse.core.internal.events.BuildManager.build(BuildManager.java:374)
	at org.eclipse.core.internal.events.AutoBuildJob.doBuild(AutoBuildJob.java:143)
	at org.eclipse.core.internal.events.AutoBuildJob.run(AutoBuildJob.java:241)
	at org.eclipse.core.internal.jobs.Worker.run(Worker.java:54)

!ENTRY com.zend.php.semanticanalysis.core 4 10001 2014-12-08 10:43:21.125
!MESSAGE Plugin internal error
!STACK 0
java.lang.NullPointerException
	at com.zend.php.semanticanalysis.internal.core.checks.EVariableDeclarationSearcher.postProcess(EVariableDeclarationSearcher.java)
	at com.zend.php.semanticanalysis.internal.core.checks.UndeclaredVariableCheck$UndeclaredVarsSearcher.postProcess(UndeclaredVariableCheck.java)
	at org.eclipse.php.internal.core.typeinference.VariableDeclarationSearcher.visit(VariableDeclarationSearcher.java:161)
	at org.eclipse.php.internal.core.compiler.ast.nodes.PHPCallExpression.traverse(PHPCallExpression.java:37)
	at org.eclipse.php.internal.core.compiler.ast.nodes.UnaryOperation.traverse(UnaryOperation.java:51)
	at org.eclipse.php.internal.core.compiler.ast.nodes.IfStatement.traverse(IfStatement.java:54)
	at org.eclipse.dltk.ast.statements.Block.traverse(Block.java:43)
	at org.eclipse.dltk.ast.declarations.MethodDeclaration.traverseChildNodes(MethodDeclaration.java:97)
	at org.eclipse.dltk.ast.declarations.MethodDeclaration.traverse(MethodDeclaration.java:71)
	at org.eclipse.dltk.ast.statements.Block.traverse(Block.java:43)
	at org.eclipse.dltk.ast.declarations.TypeDeclaration.traverse(TypeDeclaration.java:158)
	at org.eclipse.dltk.ast.statements.Block.traverse(Block.java:43)
	at org.eclipse.dltk.ast.declarations.TypeDeclaration.traverse(TypeDeclaration.java:158)
	at org.eclipse.dltk.ast.statements.Block.traverse(Block.java:43)
	at org.eclipse.dltk.ast.declarations.ModuleDeclaration.traverse(ModuleDeclaration.java:71)
	at com.zend.php.semanticanalysis.internal.core.checks.UndeclaredVariableCheck.a(UndeclaredVariableCheck.java)
	at com.zend.php.semanticanalysis.internal.core.SemanticAnalysisBuilder.a(SemanticAnalysisBuilder.java)
	at com.zend.php.semanticanalysis.internal.core.SemanticAnalysisBuilder.build(SemanticAnalysisBuilder.java)
	at org.eclipse.dltk.internal.core.builder.ScriptBuilder.incrementalBuild(ScriptBuilder.java:555)
	at org.eclipse.dltk.internal.core.builder.ScriptBuilder.build(ScriptBuilder.java:172)
	at org.eclipse.core.internal.events.BuildManager$2.run(BuildManager.java:728)
	at org.eclipse.core.runtime.SafeRunner.run(SafeRunner.java:42)
	at org.eclipse.core.internal.events.BuildManager.basicBuild(BuildManager.java:199)
	at org.eclipse.core.internal.events.BuildManager.basicBuild(BuildManager.java:239)
	at org.eclipse.core.internal.events.BuildManager$1.run(BuildManager.java:292)
	at org.eclipse.core.runtime.SafeRunner.run(SafeRunner.java:42)
	at org.eclipse.core.internal.events.BuildManager.basicBuild(BuildManager.java:295)
	at org.eclipse.core.internal.events.BuildManager.basicBuildLoop(BuildManager.java:351)
	at org.eclipse.core.internal.events.BuildManager.build(BuildManager.java:374)
	at org.eclipse.core.internal.events.AutoBuildJob.doBuild(AutoBuildJob.java:143)
	at org.eclipse.core.internal.events.AutoBuildJob.run(AutoBuildJob.java:241)
	at org.eclipse.core.internal.jobs.Worker.run(Worker.java:54)

!ENTRY com.zend.php.semanticanalysis.core 4 10001 2014-12-08 10:43:21.125
!MESSAGE Plugin internal error
!STACK 0
java.lang.NullPointerException
	at com.zend.php.semanticanalysis.internal.core.checks.EVariableDeclarationSearcher.postProcess(EVariableDeclarationSearcher.java)
	at com.zend.php.semanticanalysis.internal.core.checks.UndeclaredVariableCheck$UndeclaredVarsSearcher.postProcess(UndeclaredVariableCheck.java)
	at org.eclipse.php.internal.core.typeinference.VariableDeclarationSearcher.visit(VariableDeclarationSearcher.java:161)
	at org.eclipse.php.internal.core.compiler.ast.nodes.PHPCallExpression.traverse(PHPCallExpression.java:37)
	at org.eclipse.php.internal.core.compiler.ast.nodes.UnaryOperation.traverse(UnaryOperation.java:51)
	at org.eclipse.php.internal.core.compiler.ast.nodes.InfixExpression.traverse(InfixExpression.java:148)
	at org.eclipse.php.internal.core.compiler.ast.nodes.IfStatement.traverse(IfStatement.java:54)
	at org.eclipse.dltk.ast.statements.Block.traverse(Block.java:43)
	at org.eclipse.dltk.ast.declarations.MethodDeclaration.traverseChildNodes(MethodDeclaration.java:97)
	at org.eclipse.dltk.ast.declarations.MethodDeclaration.traverse(MethodDeclaration.java:71)
	at org.eclipse.dltk.ast.statements.Block.traverse(Block.java:43)
	at org.eclipse.dltk.ast.declarations.TypeDeclaration.traverse(TypeDeclaration.java:158)
	at org.eclipse.dltk.ast.statements.Block.traverse(Block.java:43)
	at org.eclipse.dltk.ast.declarations.TypeDeclaration.traverse(TypeDeclaration.java:158)
	at org.eclipse.dltk.ast.statements.Block.traverse(Block.java:43)
	at org.eclipse.dltk.ast.declarations.ModuleDeclaration.traverse(ModuleDeclaration.java:71)
	at com.zend.php.semanticanalysis.internal.core.checks.UndeclaredVariableCheck.a(UndeclaredVariableCheck.java)
	at com.zend.php.semanticanalysis.internal.core.SemanticAnalysisBuilder.a(SemanticAnalysisBuilder.java)
	at com.zend.php.semanticanalysis.internal.core.SemanticAnalysisBuilder.build(SemanticAnalysisBuilder.java)
	at org.eclipse.dltk.internal.core.builder.ScriptBuilder.incrementalBuild(ScriptBuilder.java:555)
	at org.eclipse.dltk.internal.core.builder.ScriptBuilder.build(ScriptBuilder.java:172)
	at org.eclipse.core.internal.events.BuildManager$2.run(BuildManager.java:728)
	at org.eclipse.core.runtime.SafeRunner.run(SafeRunner.java:42)
	at org.eclipse.core.internal.events.BuildManager.basicBuild(BuildManager.java:199)
	at org.eclipse.core.internal.events.BuildManager.basicBuild(BuildManager.java:239)
	at org.eclipse.core.internal.events.BuildManager$1.run(BuildManager.java:292)
	at org.eclipse.core.runtime.SafeRunner.run(SafeRunner.java:42)
	at org.eclipse.core.internal.events.BuildManager.basicBuild(BuildManager.java:295)
	at org.eclipse.core.internal.events.BuildManager.basicBuildLoop(BuildManager.java:351)
	at org.eclipse.core.internal.events.BuildManager.build(BuildManager.java:374)
	at org.eclipse.core.internal.events.AutoBuildJob.doBuild(AutoBuildJob.java:143)
	at org.eclipse.core.internal.events.AutoBuildJob.run(AutoBuildJob.java:241)
	at org.eclipse.core.internal.jobs.Worker.run(Worker.java:54)

!ENTRY com.zend.php.semanticanalysis.core 4 10001 2014-12-08 10:43:21.125
!MESSAGE Plugin internal error
!STACK 0
java.lang.NullPointerException
	at com.zend.php.semanticanalysis.internal.core.checks.EVariableDeclarationSearcher.postProcess(EVariableDeclarationSearcher.java)
	at com.zend.php.semanticanalysis.internal.core.checks.UndeclaredVariableCheck$UndeclaredVarsSearcher.postProcess(UndeclaredVariableCheck.java)
	at org.eclipse.php.internal.core.typeinference.VariableDeclarationSearcher.visit(VariableDeclarationSearcher.java:161)
	at org.eclipse.php.internal.core.compiler.ast.nodes.PHPCallExpression.traverse(PHPCallExpression.java:37)
	at org.eclipse.php.internal.core.compiler.ast.nodes.InfixExpression.traverse(InfixExpression.java:149)
	at org.eclipse.php.internal.core.compiler.ast.nodes.IfStatement.traverse(IfStatement.java:54)
	at org.eclipse.dltk.ast.statements.Block.traverse(Block.java:43)
	at org.eclipse.dltk.ast.declarations.MethodDeclaration.traverseChildNodes(MethodDeclaration.java:97)
	at org.eclipse.dltk.ast.declarations.MethodDeclaration.traverse(MethodDeclaration.java:71)
	at org.eclipse.dltk.ast.statements.Block.traverse(Block.java:43)
	at org.eclipse.dltk.ast.declarations.TypeDeclaration.traverse(TypeDeclaration.java:158)
	at org.eclipse.dltk.ast.statements.Block.traverse(Block.java:43)
	at org.eclipse.dltk.ast.declarations.TypeDeclaration.traverse(TypeDeclaration.java:158)
	at org.eclipse.dltk.ast.statements.Block.traverse(Block.java:43)
	at org.eclipse.dltk.ast.declarations.ModuleDeclaration.traverse(ModuleDeclaration.java:71)
	at com.zend.php.semanticanalysis.internal.core.checks.UndeclaredVariableCheck.a(UndeclaredVariableCheck.java)
	at com.zend.php.semanticanalysis.internal.core.SemanticAnalysisBuilder.a(SemanticAnalysisBuilder.java)
	at com.zend.php.semanticanalysis.internal.core.SemanticAnalysisBuilder.build(SemanticAnalysisBuilder.java)
	at org.eclipse.dltk.internal.core.builder.ScriptBuilder.incrementalBuild(ScriptBuilder.java:555)
	at org.eclipse.dltk.internal.core.builder.ScriptBuilder.build(ScriptBuilder.java:172)
	at org.eclipse.core.internal.events.BuildManager$2.run(BuildManager.java:728)
	at org.eclipse.core.runtime.SafeRunner.run(SafeRunner.java:42)
	at org.eclipse.core.internal.events.BuildManager.basicBuild(BuildManager.java:199)
	at org.eclipse.core.internal.events.BuildManager.basicBuild(BuildManager.java:239)
	at org.eclipse.core.internal.events.BuildManager$1.run(BuildManager.java:292)
	at org.eclipse.core.runtime.SafeRunner.run(SafeRunner.java:42)
	at org.eclipse.core.internal.events.BuildManager.basicBuild(BuildManager.java:295)
	at org.eclipse.core.internal.events.BuildManager.basicBuildLoop(BuildManager.java:351)
	at org.eclipse.core.internal.events.BuildManager.build(BuildManager.java:374)
	at org.eclipse.core.internal.events.AutoBuildJob.doBuild(AutoBuildJob.java:143)
	at org.eclipse.core.internal.events.AutoBuildJob.run(AutoBuildJob.java:241)
	at org.eclipse.core.internal.jobs.Worker.run(Worker.java:54)

!ENTRY com.zend.php.semanticanalysis.core 4 10001 2014-12-08 10:43:21.125
!MESSAGE Plugin internal error
!STACK 0
java.lang.NullPointerException
	at com.zend.php.semanticanalysis.internal.core.checks.EVariableDeclarationSearcher.postProcess(EVariableDeclarationSearcher.java)
	at com.zend.php.semanticanalysis.internal.core.checks.UndeclaredVariableCheck$UndeclaredVarsSearcher.postProcess(UndeclaredVariableCheck.java)
	at org.eclipse.php.internal.core.typeinference.VariableDeclarationSearcher.visit(VariableDeclarationSearcher.java:161)
	at org.eclipse.php.internal.core.compiler.ast.nodes.PHPCallExpression.traverse(PHPCallExpression.java:37)
	at org.eclipse.php.internal.core.compiler.ast.nodes.InfixExpression.traverse(InfixExpression.java:148)
	at org.eclipse.php.internal.core.compiler.ast.nodes.IfStatement.traverse(IfStatement.java:54)
	at org.eclipse.dltk.ast.statements.Block.traverse(Block.java:43)
	at org.eclipse.dltk.ast.declarations.MethodDeclaration.traverseChildNodes(MethodDeclaration.java:97)
	at org.eclipse.dltk.ast.declarations.MethodDeclaration.traverse(MethodDeclaration.java:71)
	at org.eclipse.dltk.ast.statements.Block.traverse(Block.java:43)
	at org.eclipse.dltk.ast.declarations.TypeDeclaration.traverse(TypeDeclaration.java:158)
	at org.eclipse.dltk.ast.statements.Block.traverse(Block.java:43)
	at org.eclipse.dltk.ast.declarations.TypeDeclaration.traverse(TypeDeclaration.java:158)
	at org.eclipse.dltk.ast.statements.Block.traverse(Block.java:43)
	at org.eclipse.dltk.ast.declarations.ModuleDeclaration.traverse(ModuleDeclaration.java:71)
	at com.zend.php.semanticanalysis.internal.core.checks.UndeclaredVariableCheck.a(UndeclaredVariableCheck.java)
	at com.zend.php.semanticanalysis.internal.core.SemanticAnalysisBuilder.a(SemanticAnalysisBuilder.java)
	at com.zend.php.semanticanalysis.internal.core.SemanticAnalysisBuilder.build(SemanticAnalysisBuilder.java)
	at org.eclipse.dltk.internal.core.builder.ScriptBuilder.incrementalBuild(ScriptBuilder.java:555)
	at org.eclipse.dltk.internal.core.builder.ScriptBuilder.build(ScriptBuilder.java:172)
	at org.eclipse.core.internal.events.BuildManager$2.run(BuildManager.java:728)
	at org.eclipse.core.runtime.SafeRunner.run(SafeRunner.java:42)
	at org.eclipse.core.internal.events.BuildManager.basicBuild(BuildManager.java:199)
	at org.eclipse.core.internal.events.BuildManager.basicBuild(BuildManager.java:239)
	at org.eclipse.core.internal.events.BuildManager$1.run(BuildManager.java:292)
	at org.eclipse.core.runtime.SafeRunner.run(SafeRunner.java:42)
	at org.eclipse.core.internal.events.BuildManager.basicBuild(BuildManager.java:295)
	at org.eclipse.core.internal.events.BuildManager.basicBuildLoop(BuildManager.java:351)
	at org.eclipse.core.internal.events.BuildManager.build(BuildManager.java:374)
	at org.eclipse.core.internal.events.AutoBuildJob.doBuild(AutoBuildJob.java:143)
	at org.eclipse.core.internal.events.AutoBuildJob.run(AutoBuildJob.java:241)
	at org.eclipse.core.internal.jobs.Worker.run(Worker.java:54)

!ENTRY com.zend.php.semanticanalysis.core 4 10001 2014-12-08 10:43:21.125
!MESSAGE Plugin internal error
!STACK 0
java.lang.NullPointerException
	at com.zend.php.semanticanalysis.internal.core.checks.EVariableDeclarationSearcher.postProcess(EVariableDeclarationSearcher.java)
	at com.zend.php.semanticanalysis.internal.core.checks.UndeclaredVariableCheck$UndeclaredVarsSearcher.postProcess(UndeclaredVariableCheck.java)
	at org.eclipse.php.internal.core.typeinference.VariableDeclarationSearcher.visit(VariableDeclarationSearcher.java:161)
	at org.eclipse.php.internal.core.compiler.ast.nodes.PHPCallExpression.traverse(PHPCallExpression.java:37)
	at org.eclipse.php.internal.core.compiler.ast.nodes.UnaryOperation.traverse(UnaryOperation.java:51)
	at org.eclipse.php.internal.core.compiler.ast.nodes.InfixExpression.traverse(InfixExpression.java:149)
	at org.eclipse.php.internal.core.compiler.ast.nodes.IfStatement.traverse(IfStatement.java:54)
	at org.eclipse.dltk.ast.statements.Block.traverse(Block.java:43)
	at org.eclipse.dltk.ast.declarations.MethodDeclaration.traverseChildNodes(MethodDeclaration.java:97)
	at org.eclipse.dltk.ast.declarations.MethodDeclaration.traverse(MethodDeclaration.java:71)
	at org.eclipse.dltk.ast.statements.Block.traverse(Block.java:43)
	at org.eclipse.dltk.ast.declarations.TypeDeclaration.traverse(TypeDeclaration.java:158)
	at org.eclipse.dltk.ast.statements.Block.traverse(Block.java:43)
	at org.eclipse.dltk.ast.declarations.TypeDeclaration.traverse(TypeDeclaration.java:158)
	at org.eclipse.dltk.ast.statements.Block.traverse(Block.java:43)
	at org.eclipse.dltk.ast.declarations.ModuleDeclaration.traverse(ModuleDeclaration.java:71)
	at com.zend.php.semanticanalysis.internal.core.checks.UndeclaredVariableCheck.a(UndeclaredVariableCheck.java)
	at com.zend.php.semanticanalysis.internal.core.SemanticAnalysisBuilder.a(SemanticAnalysisBuilder.java)
	at com.zend.php.semanticanalysis.internal.core.SemanticAnalysisBuilder.build(SemanticAnalysisBuilder.java)
	at org.eclipse.dltk.internal.core.builder.ScriptBuilder.incrementalBuild(ScriptBuilder.java:555)
	at org.eclipse.dltk.internal.core.builder.ScriptBuilder.build(ScriptBuilder.java:172)
	at org.eclipse.core.internal.events.BuildManager$2.run(BuildManager.java:728)
	at org.eclipse.core.runtime.SafeRunner.run(SafeRunner.java:42)
	at org.eclipse.core.internal.events.BuildManager.basicBuild(BuildManager.java:199)
	at org.eclipse.core.internal.events.BuildManager.basicBuild(BuildManager.java:239)
	at org.eclipse.core.internal.events.BuildManager$1.run(BuildManager.java:292)
	at org.eclipse.core.runtime.SafeRunner.run(SafeRunner.java:42)
	at org.eclipse.core.internal.events.BuildManager.basicBuild(BuildManager.java:295)
	at org.eclipse.core.internal.events.BuildManager.basicBuildLoop(BuildManager.java:351)
	at org.eclipse.core.internal.events.BuildManager.build(BuildManager.java:374)
	at org.eclipse.core.internal.events.AutoBuildJob.doBuild(AutoBuildJob.java:143)
	at org.eclipse.core.internal.events.AutoBuildJob.run(AutoBuildJob.java:241)
	at org.eclipse.core.internal.jobs.Worker.run(Worker.java:54)

!ENTRY com.zend.php.semanticanalysis.core 4 10001 2014-12-08 10:43:21.125
!MESSAGE Plugin internal error
!STACK 0
java.lang.NullPointerException
	at com.zend.php.semanticanalysis.internal.core.checks.EVariableDeclarationSearcher.postProcess(EVariableDeclarationSearcher.java)
	at com.zend.php.semanticanalysis.internal.core.checks.UndeclaredVariableCheck$UndeclaredVarsSearcher.postProcess(UndeclaredVariableCheck.java)
	at org.eclipse.php.internal.core.typeinference.VariableDeclarationSearcher.visit(VariableDeclarationSearcher.java:161)
	at org.eclipse.php.internal.core.compiler.ast.nodes.PHPCallExpression.traverse(PHPCallExpression.java:37)
	at org.eclipse.php.internal.core.compiler.ast.nodes.UnaryOperation.traverse(UnaryOperation.java:51)
	at org.eclipse.php.internal.core.compiler.ast.nodes.InfixExpression.traverse(InfixExpression.java:148)
	at org.eclipse.php.internal.core.compiler.ast.nodes.IfStatement.traverse(IfStatement.java:54)
	at org.eclipse.dltk.ast.statements.Block.traverse(Block.java:43)
	at org.eclipse.dltk.ast.declarations.MethodDeclaration.traverseChildNodes(MethodDeclaration.java:97)
	at org.eclipse.dltk.ast.declarations.MethodDeclaration.traverse(MethodDeclaration.java:71)
	at org.eclipse.dltk.ast.statements.Block.traverse(Block.java:43)
	at org.eclipse.dltk.ast.declarations.TypeDeclaration.traverse(TypeDeclaration.java:158)
	at org.eclipse.dltk.ast.statements.Block.traverse(Block.java:43)
	at org.eclipse.dltk.ast.declarations.TypeDeclaration.traverse(TypeDeclaration.java:158)
	at org.eclipse.dltk.ast.statements.Block.traverse(Block.java:43)
	at org.eclipse.dltk.ast.declarations.ModuleDeclaration.traverse(ModuleDeclaration.java:71)
	at com.zend.php.semanticanalysis.internal.core.checks.UndeclaredVariableCheck.a(UndeclaredVariableCheck.java)
	at com.zend.php.semanticanalysis.internal.core.SemanticAnalysisBuilder.a(SemanticAnalysisBuilder.java)
	at com.zend.php.semanticanalysis.internal.core.SemanticAnalysisBuilder.build(SemanticAnalysisBuilder.java)
	at org.eclipse.dltk.internal.core.builder.ScriptBuilder.incrementalBuild(ScriptBuilder.java:555)
	at org.eclipse.dltk.internal.core.builder.ScriptBuilder.build(ScriptBuilder.java:172)
	at org.eclipse.core.internal.events.BuildManager$2.run(BuildManager.java:728)
	at org.eclipse.core.runtime.SafeRunner.run(SafeRunner.java:42)
	at org.eclipse.core.internal.events.BuildManager.basicBuild(BuildManager.java:199)
	at org.eclipse.core.internal.events.BuildManager.basicBuild(BuildManager.java:239)
	at org.eclipse.core.internal.events.BuildManager$1.run(BuildManager.java:292)
	at org.eclipse.core.runtime.SafeRunner.run(SafeRunner.java:42)
	at org.eclipse.core.internal.events.BuildManager.basicBuild(BuildManager.java:295)
	at org.eclipse.core.internal.events.BuildManager.basicBuildLoop(BuildManager.java:351)
	at org.eclipse.core.internal.events.BuildManager.build(BuildManager.java:374)
	at org.eclipse.core.internal.events.AutoBuildJob.doBuild(AutoBuildJob.java:143)
	at org.eclipse.core.internal.events.AutoBuildJob.run(AutoBuildJob.java:241)
	at org.eclipse.core.internal.jobs.Worker.run(Worker.java:54)

!ENTRY com.zend.php.semanticanalysis.core 4 10001 2014-12-08 10:43:21.125
!MESSAGE Plugin internal error
!STACK 0
java.lang.NullPointerException
	at com.zend.php.semanticanalysis.internal.core.checks.EVariableDeclarationSearcher.postProcess(EVariableDeclarationSearcher.java)
	at com.zend.php.semanticanalysis.internal.core.checks.UndeclaredVariableCheck$UndeclaredVarsSearcher.postProcess(UndeclaredVariableCheck.java)
	at org.eclipse.php.internal.core.typeinference.VariableDeclarationSearcher.visit(VariableDeclarationSearcher.java:161)
	at org.eclipse.php.internal.core.compiler.ast.nodes.PHPCallExpression.traverse(PHPCallExpression.java:37)
	at org.eclipse.php.internal.core.compiler.ast.nodes.UnaryOperation.traverse(UnaryOperation.java:51)
	at org.eclipse.php.internal.core.compiler.ast.nodes.InfixExpression.traverse(InfixExpression.java:149)
	at org.eclipse.php.internal.core.compiler.ast.nodes.IfStatement.traverse(IfStatement.java:54)
	at org.eclipse.dltk.ast.statements.Block.traverse(Block.java:43)
	at org.eclipse.dltk.ast.declarations.MethodDeclaration.traverseChildNodes(MethodDeclaration.java:97)
	at org.eclipse.dltk.ast.declarations.MethodDeclaration.traverse(MethodDeclaration.java:71)
	at org.eclipse.dltk.ast.statements.Block.traverse(Block.java:43)
	at org.eclipse.dltk.ast.declarations.TypeDeclaration.traverse(TypeDeclaration.java:158)
	at org.eclipse.dltk.ast.statements.Block.traverse(Block.java:43)
	at org.eclipse.dltk.ast.declarations.TypeDeclaration.traverse(TypeDeclaration.java:158)
	at org.eclipse.dltk.ast.statements.Block.traverse(Block.java:43)
	at org.eclipse.dltk.ast.declarations.ModuleDeclaration.traverse(ModuleDeclaration.java:71)
	at com.zend.php.semanticanalysis.internal.core.checks.UndeclaredVariableCheck.a(UndeclaredVariableCheck.java)
	at com.zend.php.semanticanalysis.internal.core.SemanticAnalysisBuilder.a(SemanticAnalysisBuilder.java)
	at com.zend.php.semanticanalysis.internal.core.SemanticAnalysisBuilder.build(SemanticAnalysisBuilder.java)
	at org.eclipse.dltk.internal.core.builder.ScriptBuilder.incrementalBuild(ScriptBuilder.java:555)
	at org.eclipse.dltk.internal.core.builder.ScriptBuilder.build(ScriptBuilder.java:172)
	at org.eclipse.core.internal.events.BuildManager$2.run(BuildManager.java:728)
	at org.eclipse.core.runtime.SafeRunner.run(SafeRunner.java:42)
	at org.eclipse.core.internal.events.BuildManager.basicBuild(BuildManager.java:199)
	at org.eclipse.core.internal.events.BuildManager.basicBuild(BuildManager.java:239)
	at org.eclipse.core.internal.events.BuildManager$1.run(BuildManager.java:292)
	at org.eclipse.core.runtime.SafeRunner.run(SafeRunner.java:42)
	at org.eclipse.core.internal.events.BuildManager.basicBuild(BuildManager.java:295)
	at org.eclipse.core.internal.events.BuildManager.basicBuildLoop(BuildManager.java:351)
	at org.eclipse.core.internal.events.BuildManager.build(BuildManager.java:374)
	at org.eclipse.core.internal.events.AutoBuildJob.doBuild(AutoBuildJob.java:143)
	at org.eclipse.core.internal.events.AutoBuildJob.run(AutoBuildJob.java:241)
	at org.eclipse.core.internal.jobs.Worker.run(Worker.java:54)

!ENTRY com.zend.php.semanticanalysis.core 4 10001 2014-12-08 10:43:21.171
!MESSAGE Plugin internal error
!STACK 0
java.lang.NullPointerException
	at com.zend.php.semanticanalysis.internal.core.checks.EVariableDeclarationSearcher.postProcess(EVariableDeclarationSearcher.java)
	at com.zend.php.semanticanalysis.internal.core.checks.UndeclaredVariableCheck$UndeclaredVarsSearcher.postProcess(UndeclaredVariableCheck.java)
	at org.eclipse.php.internal.core.typeinference.VariableDeclarationSearcher.visit(VariableDeclarationSearcher.java:161)
	at org.eclipse.php.internal.core.compiler.ast.nodes.PHPCallExpression.traverse(PHPCallExpression.java:37)
	at org.eclipse.php.internal.core.compiler.ast.nodes.UnaryOperation.traverse(UnaryOperation.java:51)
	at org.eclipse.php.internal.core.compiler.ast.nodes.IfStatement.traverse(IfStatement.java:54)
	at org.eclipse.dltk.ast.statements.Block.traverse(Block.java:43)
	at org.eclipse.dltk.ast.declarations.MethodDeclaration.traverseChildNodes(MethodDeclaration.java:97)
	at org.eclipse.dltk.ast.declarations.MethodDeclaration.traverse(MethodDeclaration.java:71)
	at org.eclipse.dltk.ast.statements.Block.traverse(Block.java:43)
	at org.eclipse.dltk.ast.declarations.TypeDeclaration.traverse(TypeDeclaration.java:158)
	at org.eclipse.dltk.ast.statements.Block.traverse(Block.java:43)
	at org.eclipse.dltk.ast.declarations.TypeDeclaration.traverse(TypeDeclaration.java:158)
	at org.eclipse.dltk.ast.statements.Block.traverse(Block.java:43)
	at org.eclipse.dltk.ast.declarations.ModuleDeclaration.traverse(ModuleDeclaration.java:71)
	at com.zend.php.semanticanalysis.internal.core.checks.UndeclaredVariableCheck.a(UndeclaredVariableCheck.java)
	at com.zend.php.semanticanalysis.internal.core.SemanticAnalysisBuilder.a(SemanticAnalysisBuilder.java)
	at com.zend.php.semanticanalysis.internal.core.SemanticAnalysisBuilder.build(SemanticAnalysisBuilder.java)
	at org.eclipse.dltk.internal.core.builder.ScriptBuilder.incrementalBuild(ScriptBuilder.java:555)
	at org.eclipse.dltk.internal.core.builder.ScriptBuilder.build(ScriptBuilder.java:172)
	at org.eclipse.core.internal.events.BuildManager$2.run(BuildManager.java:728)
	at org.eclipse.core.runtime.SafeRunner.run(SafeRunner.java:42)
	at org.eclipse.core.internal.events.BuildManager.basicBuild(BuildManager.java:199)
	at org.eclipse.core.internal.events.BuildManager.basicBuild(BuildManager.java:239)
	at org.eclipse.core.internal.events.BuildManager$1.run(BuildManager.java:292)
	at org.eclipse.core.runtime.SafeRunner.run(SafeRunner.java:42)
	at org.eclipse.core.internal.events.BuildManager.basicBuild(BuildManager.java:295)
	at org.eclipse.core.internal.events.BuildManager.basicBuildLoop(BuildManager.java:351)
	at org.eclipse.core.internal.events.BuildManager.build(BuildManager.java:374)
	at org.eclipse.core.internal.events.AutoBuildJob.doBuild(AutoBuildJob.java:143)
	at org.eclipse.core.internal.events.AutoBuildJob.run(AutoBuildJob.java:241)
	at org.eclipse.core.internal.jobs.Worker.run(Worker.java:54)

!ENTRY com.zend.php.semanticanalysis.core 4 10001 2014-12-08 10:43:21.171
!MESSAGE Plugin internal error
!STACK 0
java.lang.NullPointerException
	at com.zend.php.semanticanalysis.internal.core.checks.EVariableDeclarationSearcher.postProcess(EVariableDeclarationSearcher.java)
	at com.zend.php.semanticanalysis.internal.core.checks.UndeclaredVariableCheck$UndeclaredVarsSearcher.postProcess(UndeclaredVariableCheck.java)
	at org.eclipse.php.internal.core.typeinference.VariableDeclarationSearcher.visit(VariableDeclarationSearcher.java:161)
	at org.eclipse.php.internal.core.compiler.ast.nodes.PHPCallExpression.traverse(PHPCallExpression.java:37)
	at org.eclipse.php.internal.core.compiler.ast.nodes.UnaryOperation.traverse(UnaryOperation.java:51)
	at org.eclipse.php.internal.core.compiler.ast.nodes.IfStatement.traverse(IfStatement.java:54)
	at org.eclipse.dltk.ast.statements.Block.traverse(Block.java:43)
	at org.eclipse.dltk.ast.declarations.MethodDeclaration.traverseChildNodes(MethodDeclaration.java:97)
	at org.eclipse.dltk.ast.declarations.MethodDeclaration.traverse(MethodDeclaration.java:71)
	at org.eclipse.dltk.ast.statements.Block.traverse(Block.java:43)
	at org.eclipse.dltk.ast.declarations.TypeDeclaration.traverse(TypeDeclaration.java:158)
	at org.eclipse.dltk.ast.statements.Block.traverse(Block.java:43)
	at org.eclipse.dltk.ast.declarations.TypeDeclaration.traverse(TypeDeclaration.java:158)
	at org.eclipse.dltk.ast.statements.Block.traverse(Block.java:43)
	at org.eclipse.dltk.ast.declarations.ModuleDeclaration.traverse(ModuleDeclaration.java:71)
	at com.zend.php.semanticanalysis.internal.core.checks.UndeclaredVariableCheck.a(UndeclaredVariableCheck.java)
	at com.zend.php.semanticanalysis.internal.core.SemanticAnalysisBuilder.a(SemanticAnalysisBuilder.java)
	at com.zend.php.semanticanalysis.internal.core.SemanticAnalysisBuilder.build(SemanticAnalysisBuilder.java)
	at org.eclipse.dltk.internal.core.builder.ScriptBuilder.incrementalBuild(ScriptBuilder.java:555)
	at org.eclipse.dltk.internal.core.builder.ScriptBuilder.build(ScriptBuilder.java:172)
	at org.eclipse.core.internal.events.BuildManager$2.run(BuildManager.java:728)
	at org.eclipse.core.runtime.SafeRunner.run(SafeRunner.java:42)
	at org.eclipse.core.internal.events.BuildManager.basicBuild(BuildManager.java:199)
	at org.eclipse.core.internal.events.BuildManager.basicBuild(BuildManager.java:239)
	at org.eclipse.core.internal.events.BuildManager$1.run(BuildManager.java:292)
	at org.eclipse.core.runtime.SafeRunner.run(SafeRunner.java:42)
	at org.eclipse.core.internal.events.BuildManager.basicBuild(BuildManager.java:295)
	at org.eclipse.core.internal.events.BuildManager.basicBuildLoop(BuildManager.java:351)
	at org.eclipse.core.internal.events.BuildManager.build(BuildManager.java:374)
	at org.eclipse.core.internal.events.AutoBuildJob.doBuild(AutoBuildJob.java:143)
	at org.eclipse.core.internal.events.AutoBuildJob.run(AutoBuildJob.java:241)
	at org.eclipse.core.internal.jobs.Worker.run(Worker.java:54)

!ENTRY com.zend.php.semanticanalysis.core 4 10001 2014-12-08 10:43:21.171
!MESSAGE Plugin internal error
!STACK 0
java.lang.NullPointerException
	at com.zend.php.semanticanalysis.internal.core.checks.EVariableDeclarationSearcher.postProcess(EVariableDeclarationSearcher.java)
	at com.zend.php.semanticanalysis.internal.core.checks.UndeclaredVariableCheck$UndeclaredVarsSearcher.postProcess(UndeclaredVariableCheck.java)
	at org.eclipse.php.internal.core.typeinference.VariableDeclarationSearcher.visit(VariableDeclarationSearcher.java:161)
	at org.eclipse.php.internal.core.compiler.ast.nodes.PHPCallExpression.traverse(PHPCallExpression.java:37)
	at org.eclipse.php.internal.core.compiler.ast.nodes.UnaryOperation.traverse(UnaryOperation.java:51)
	at org.eclipse.php.internal.core.compiler.ast.nodes.IfStatement.traverse(IfStatement.java:54)
	at org.eclipse.dltk.ast.statements.Block.traverse(Block.java:43)
	at org.eclipse.dltk.ast.declarations.MethodDeclaration.traverseChildNodes(MethodDeclaration.java:97)
	at org.eclipse.dltk.ast.declarations.MethodDeclaration.traverse(MethodDeclaration.java:71)
	at org.eclipse.dltk.ast.statements.Block.traverse(Block.java:43)
	at org.eclipse.dltk.ast.declarations.TypeDeclaration.traverse(TypeDeclaration.java:158)
	at org.eclipse.dltk.ast.statements.Block.traverse(Block.java:43)
	at org.eclipse.dltk.ast.declarations.TypeDeclaration.traverse(TypeDeclaration.java:158)
	at org.eclipse.dltk.ast.statements.Block.traverse(Block.java:43)
	at org.eclipse.dltk.ast.declarations.ModuleDeclaration.traverse(ModuleDeclaration.java:71)
	at com.zend.php.semanticanalysis.internal.core.checks.UndeclaredVariableCheck.a(UndeclaredVariableCheck.java)
	at com.zend.php.semanticanalysis.internal.core.SemanticAnalysisBuilder.a(SemanticAnalysisBuilder.java)
	at com.zend.php.semanticanalysis.internal.core.SemanticAnalysisBuilder.build(SemanticAnalysisBuilder.java)
	at org.eclipse.dltk.internal.core.builder.ScriptBuilder.incrementalBuild(ScriptBuilder.java:555)
	at org.eclipse.dltk.internal.core.builder.ScriptBuilder.build(ScriptBuilder.java:172)
	at org.eclipse.core.internal.events.BuildManager$2.run(BuildManager.java:728)
	at org.eclipse.core.runtime.SafeRunner.run(SafeRunner.java:42)
	at org.eclipse.core.internal.events.BuildManager.basicBuild(BuildManager.java:199)
	at org.eclipse.core.internal.events.BuildManager.basicBuild(BuildManager.java:239)
	at org.eclipse.core.internal.events.BuildManager$1.run(BuildManager.java:292)
	at org.eclipse.core.runtime.SafeRunner.run(SafeRunner.java:42)
	at org.eclipse.core.internal.events.BuildManager.basicBuild(BuildManager.java:295)
	at org.eclipse.core.internal.events.BuildManager.basicBuildLoop(BuildManager.java:351)
	at org.eclipse.core.internal.events.BuildManager.build(BuildManager.java:374)
	at org.eclipse.core.internal.events.AutoBuildJob.doBuild(AutoBuildJob.java:143)
	at org.eclipse.core.internal.events.AutoBuildJob.run(AutoBuildJob.java:241)
	at org.eclipse.core.internal.jobs.Worker.run(Worker.java:54)

!ENTRY org.eclipse.jface.text 4 0 2014-12-08 14:37:16.171
!MESSAGE Unexpected runtime error while computing a text hover
!STACK 0
org.eclipse.wst.jsdt.internal.codeassist.select.SelectionNodeFound
	at org.eclipse.wst.jsdt.internal.codeassist.select.SelectionOnArgumentName.bind(SelectionOnArgumentName.java:29)
	at org.eclipse.wst.jsdt.internal.compiler.ast.AbstractMethodDeclaration.bindArguments(AbstractMethodDeclaration.java:141)
	at org.eclipse.wst.jsdt.internal.compiler.lookup.CompilationUnitScope$DeclarationVisitor.visit(CompilationUnitScope.java:114)
	at org.eclipse.wst.jsdt.internal.compiler.ast.MethodDeclaration.traverse(MethodDeclaration.java:165)
	at org.eclipse.wst.jsdt.internal.compiler.ast.CompilationUnitDeclaration.traverse(CompilationUnitDeclaration.java:584)
	at org.eclipse.wst.jsdt.internal.compiler.ast.CompilationUnitDeclaration.traverse(CompilationUnitDeclaration.java:545)
	at org.eclipse.wst.jsdt.internal.compiler.lookup.CompilationUnitScope.buildTypeBindings(CompilationUnitScope.java:392)
	at org.eclipse.wst.jsdt.internal.compiler.lookup.LookupEnvironment.buildTypeBindings(LookupEnvironment.java:320)
	at org.eclipse.wst.jsdt.internal.compiler.lookup.LookupEnvironment.buildTypeBindings(LookupEnvironment.java:316)
	at org.eclipse.wst.jsdt.internal.codeassist.SelectionEngine.select(SelectionEngine.java:729)
	at org.eclipse.wst.jsdt.internal.core.Openable.codeSelect(Openable.java:167)
	at org.eclipse.wst.jsdt.internal.core.CompilationUnit.codeSelect(CompilationUnit.java:318)
	at org.eclipse.wst.jsdt.internal.core.CompilationUnit.codeSelect(CompilationUnit.java:312)
	at org.eclipse.wst.jsdt.internal.ui.text.java.hover.AbstractJavaEditorTextHover.getHoverInfo(AbstractJavaEditorTextHover.java:114)
	at org.eclipse.wst.jsdt.internal.ui.text.java.hover.AbstractJavaEditorTextHover.getHoverInfo2(AbstractJavaEditorTextHover.java:95)
	at org.eclipse.wst.jsdt.internal.ui.text.java.hover.BestMatchHover.getHoverInfo2(BestMatchHover.java:147)
	at org.eclipse.wst.jsdt.internal.ui.text.java.hover.JavaEditorTextHoverProxy.getHoverInfo2(JavaEditorTextHoverProxy.java:78)
	at org.eclipse.jface.text.TextViewerHoverManager$4.run(TextViewerHoverManager.java:166)

!ENTRY org.eclipse.jface.text 4 0 2014-12-08 14:37:41.000
!MESSAGE Unexpected runtime error while computing a text hover
!STACK 0
org.eclipse.wst.jsdt.internal.codeassist.select.SelectionNodeFound
	at org.eclipse.wst.jsdt.internal.codeassist.select.SelectionOnArgumentName.bind(SelectionOnArgumentName.java:29)
	at org.eclipse.wst.jsdt.internal.compiler.ast.AbstractMethodDeclaration.bindArguments(AbstractMethodDeclaration.java:141)
	at org.eclipse.wst.jsdt.internal.compiler.lookup.CompilationUnitScope$DeclarationVisitor.visit(CompilationUnitScope.java:114)
	at org.eclipse.wst.jsdt.internal.compiler.ast.MethodDeclaration.traverse(MethodDeclaration.java:165)
	at org.eclipse.wst.jsdt.internal.compiler.ast.CompilationUnitDeclaration.traverse(CompilationUnitDeclaration.java:584)
	at org.eclipse.wst.jsdt.internal.compiler.ast.CompilationUnitDeclaration.traverse(CompilationUnitDeclaration.java:545)
	at org.eclipse.wst.jsdt.internal.compiler.lookup.CompilationUnitScope.buildTypeBindings(CompilationUnitScope.java:392)
	at org.eclipse.wst.jsdt.internal.compiler.lookup.LookupEnvironment.buildTypeBindings(LookupEnvironment.java:320)
	at org.eclipse.wst.jsdt.internal.compiler.lookup.LookupEnvironment.buildTypeBindings(LookupEnvironment.java:316)
	at org.eclipse.wst.jsdt.internal.codeassist.SelectionEngine.select(SelectionEngine.java:729)
	at org.eclipse.wst.jsdt.internal.core.Openable.codeSelect(Openable.java:167)
	at org.eclipse.wst.jsdt.internal.core.CompilationUnit.codeSelect(CompilationUnit.java:318)
	at org.eclipse.wst.jsdt.internal.core.CompilationUnit.codeSelect(CompilationUnit.java:312)
	at org.eclipse.wst.jsdt.internal.ui.text.java.hover.AbstractJavaEditorTextHover.getHoverInfo(AbstractJavaEditorTextHover.java:114)
	at org.eclipse.wst.jsdt.internal.ui.text.java.hover.AbstractJavaEditorTextHover.getHoverInfo2(AbstractJavaEditorTextHover.java:95)
	at org.eclipse.wst.jsdt.internal.ui.text.java.hover.BestMatchHover.getHoverInfo2(BestMatchHover.java:147)
	at org.eclipse.wst.jsdt.internal.ui.text.java.hover.JavaEditorTextHoverProxy.getHoverInfo2(JavaEditorTextHoverProxy.java:78)
	at org.eclipse.jface.text.TextViewerHoverManager$4.run(TextViewerHoverManager.java:166)

!ENTRY org.eclipse.jface.text 4 0 2014-12-08 14:38:54.921
!MESSAGE Unexpected runtime error while computing a text hover
!STACK 0
org.eclipse.wst.jsdt.internal.codeassist.select.SelectionNodeFound
	at org.eclipse.wst.jsdt.internal.codeassist.select.SelectionOnArgumentName.bind(SelectionOnArgumentName.java:29)
	at org.eclipse.wst.jsdt.internal.compiler.ast.AbstractMethodDeclaration.bindArguments(AbstractMethodDeclaration.java:141)
	at org.eclipse.wst.jsdt.internal.compiler.lookup.CompilationUnitScope$DeclarationVisitor.visit(CompilationUnitScope.java:114)
	at org.eclipse.wst.jsdt.internal.compiler.ast.MethodDeclaration.traverse(MethodDeclaration.java:165)
	at org.eclipse.wst.jsdt.internal.compiler.ast.CompilationUnitDeclaration.traverse(CompilationUnitDeclaration.java:584)
	at org.eclipse.wst.jsdt.internal.compiler.ast.CompilationUnitDeclaration.traverse(CompilationUnitDeclaration.java:545)
	at org.eclipse.wst.jsdt.internal.compiler.lookup.CompilationUnitScope.buildTypeBindings(CompilationUnitScope.java:392)
	at org.eclipse.wst.jsdt.internal.compiler.lookup.LookupEnvironment.buildTypeBindings(LookupEnvironment.java:320)
	at org.eclipse.wst.jsdt.internal.compiler.lookup.LookupEnvironment.buildTypeBindings(LookupEnvironment.java:316)
	at org.eclipse.wst.jsdt.internal.codeassist.SelectionEngine.select(SelectionEngine.java:729)
	at org.eclipse.wst.jsdt.internal.core.Openable.codeSelect(Openable.java:167)
	at org.eclipse.wst.jsdt.internal.core.CompilationUnit.codeSelect(CompilationUnit.java:318)
	at org.eclipse.wst.jsdt.internal.core.CompilationUnit.codeSelect(CompilationUnit.java:312)
	at org.eclipse.wst.jsdt.internal.ui.text.java.hover.AbstractJavaEditorTextHover.getHoverInfo(AbstractJavaEditorTextHover.java:114)
	at org.eclipse.wst.jsdt.internal.ui.text.java.hover.AbstractJavaEditorTextHover.getHoverInfo2(AbstractJavaEditorTextHover.java:95)
	at org.eclipse.wst.jsdt.internal.ui.text.java.hover.BestMatchHover.getHoverInfo2(BestMatchHover.java:147)
	at org.eclipse.wst.jsdt.internal.ui.text.java.hover.JavaEditorTextHoverProxy.getHoverInfo2(JavaEditorTextHoverProxy.java:78)
	at org.eclipse.jface.text.TextViewerHoverManager$4.run(TextViewerHoverManager.java:166)

!ENTRY org.eclipse.jface.text 4 0 2014-12-08 14:40:10.296
!MESSAGE Unexpected runtime error while computing a text hover
!STACK 0
org.eclipse.wst.jsdt.internal.codeassist.select.SelectionNodeFound
	at org.eclipse.wst.jsdt.internal.codeassist.select.SelectionOnArgumentName.bind(SelectionOnArgumentName.java:29)
	at org.eclipse.wst.jsdt.internal.compiler.ast.AbstractMethodDeclaration.bindArguments(AbstractMethodDeclaration.java:141)
	at org.eclipse.wst.jsdt.internal.compiler.lookup.CompilationUnitScope$DeclarationVisitor.visit(CompilationUnitScope.java:114)
	at org.eclipse.wst.jsdt.internal.compiler.ast.MethodDeclaration.traverse(MethodDeclaration.java:165)
	at org.eclipse.wst.jsdt.internal.compiler.ast.CompilationUnitDeclaration.traverse(CompilationUnitDeclaration.java:584)
	at org.eclipse.wst.jsdt.internal.compiler.ast.CompilationUnitDeclaration.traverse(CompilationUnitDeclaration.java:545)
	at org.eclipse.wst.jsdt.internal.compiler.lookup.CompilationUnitScope.buildTypeBindings(CompilationUnitScope.java:392)
	at org.eclipse.wst.jsdt.internal.compiler.lookup.LookupEnvironment.buildTypeBindings(LookupEnvironment.java:320)
	at org.eclipse.wst.jsdt.internal.compiler.lookup.LookupEnvironment.buildTypeBindings(LookupEnvironment.java:316)
	at org.eclipse.wst.jsdt.internal.codeassist.SelectionEngine.select(SelectionEngine.java:729)
	at org.eclipse.wst.jsdt.internal.core.Openable.codeSelect(Openable.java:167)
	at org.eclipse.wst.jsdt.internal.core.CompilationUnit.codeSelect(CompilationUnit.java:318)
	at org.eclipse.wst.jsdt.internal.core.CompilationUnit.codeSelect(CompilationUnit.java:312)
	at org.eclipse.wst.jsdt.internal.ui.text.java.hover.AbstractJavaEditorTextHover.getHoverInfo(AbstractJavaEditorTextHover.java:114)
	at org.eclipse.wst.jsdt.internal.ui.text.java.hover.AbstractJavaEditorTextHover.getHoverInfo2(AbstractJavaEditorTextHover.java:95)
	at org.eclipse.wst.jsdt.internal.ui.text.java.hover.BestMatchHover.getHoverInfo2(BestMatchHover.java:147)
	at org.eclipse.wst.jsdt.internal.ui.text.java.hover.JavaEditorTextHoverProxy.getHoverInfo2(JavaEditorTextHoverProxy.java:78)
	at org.eclipse.jface.text.TextViewerHoverManager$4.run(TextViewerHoverManager.java:166)

!ENTRY org.eclipse.jface.text 4 0 2014-12-08 14:41:15.078
!MESSAGE Unexpected runtime error while computing a text hover
!STACK 0
org.eclipse.wst.jsdt.internal.codeassist.select.SelectionNodeFound
	at org.eclipse.wst.jsdt.internal.codeassist.select.SelectionOnArgumentName.bind(SelectionOnArgumentName.java:29)
	at org.eclipse.wst.jsdt.internal.compiler.ast.AbstractMethodDeclaration.bindArguments(AbstractMethodDeclaration.java:141)
	at org.eclipse.wst.jsdt.internal.compiler.lookup.CompilationUnitScope$DeclarationVisitor.visit(CompilationUnitScope.java:114)
	at org.eclipse.wst.jsdt.internal.compiler.ast.MethodDeclaration.traverse(MethodDeclaration.java:165)
	at org.eclipse.wst.jsdt.internal.compiler.ast.CompilationUnitDeclaration.traverse(CompilationUnitDeclaration.java:584)
	at org.eclipse.wst.jsdt.internal.compiler.ast.CompilationUnitDeclaration.traverse(CompilationUnitDeclaration.java:545)
	at org.eclipse.wst.jsdt.internal.compiler.lookup.CompilationUnitScope.buildTypeBindings(CompilationUnitScope.java:392)
	at org.eclipse.wst.jsdt.internal.compiler.lookup.LookupEnvironment.buildTypeBindings(LookupEnvironment.java:320)
	at org.eclipse.wst.jsdt.internal.compiler.lookup.LookupEnvironment.buildTypeBindings(LookupEnvironment.java:316)
	at org.eclipse.wst.jsdt.internal.codeassist.SelectionEngine.select(SelectionEngine.java:729)
	at org.eclipse.wst.jsdt.internal.core.Openable.codeSelect(Openable.java:167)
	at org.eclipse.wst.jsdt.internal.core.CompilationUnit.codeSelect(CompilationUnit.java:318)
	at org.eclipse.wst.jsdt.internal.core.CompilationUnit.codeSelect(CompilationUnit.java:312)
	at org.eclipse.wst.jsdt.internal.ui.text.java.hover.AbstractJavaEditorTextHover.getHoverInfo(AbstractJavaEditorTextHover.java:114)
	at org.eclipse.wst.jsdt.internal.ui.text.java.hover.AbstractJavaEditorTextHover.getHoverInfo2(AbstractJavaEditorTextHover.java:95)
	at org.eclipse.wst.jsdt.internal.ui.text.java.hover.BestMatchHover.getHoverInfo2(BestMatchHover.java:147)
	at org.eclipse.wst.jsdt.internal.ui.text.java.hover.JavaEditorTextHoverProxy.getHoverInfo2(JavaEditorTextHoverProxy.java:78)
	at org.eclipse.jface.text.TextViewerHoverManager$4.run(TextViewerHoverManager.java:166)

!ENTRY org.eclipse.jface.text 4 0 2014-12-08 14:42:29.515
!MESSAGE Unexpected runtime error while computing a text hover
!STACK 0
org.eclipse.wst.jsdt.internal.codeassist.select.SelectionNodeFound
	at org.eclipse.wst.jsdt.internal.codeassist.select.SelectionOnArgumentName.bind(SelectionOnArgumentName.java:29)
	at org.eclipse.wst.jsdt.internal.compiler.ast.AbstractMethodDeclaration.bindArguments(AbstractMethodDeclaration.java:141)
	at org.eclipse.wst.jsdt.internal.compiler.lookup.CompilationUnitScope$DeclarationVisitor.visit(CompilationUnitScope.java:114)
	at org.eclipse.wst.jsdt.internal.compiler.ast.MethodDeclaration.traverse(MethodDeclaration.java:165)
	at org.eclipse.wst.jsdt.internal.compiler.ast.CompilationUnitDeclaration.traverse(CompilationUnitDeclaration.java:584)
	at org.eclipse.wst.jsdt.internal.compiler.ast.CompilationUnitDeclaration.traverse(CompilationUnitDeclaration.java:545)
	at org.eclipse.wst.jsdt.internal.compiler.lookup.CompilationUnitScope.buildTypeBindings(CompilationUnitScope.java:392)
	at org.eclipse.wst.jsdt.internal.compiler.lookup.LookupEnvironment.buildTypeBindings(LookupEnvironment.java:320)
	at org.eclipse.wst.jsdt.internal.compiler.lookup.LookupEnvironment.buildTypeBindings(LookupEnvironment.java:316)
	at org.eclipse.wst.jsdt.internal.codeassist.SelectionEngine.select(SelectionEngine.java:729)
	at org.eclipse.wst.jsdt.internal.core.Openable.codeSelect(Openable.java:167)
	at org.eclipse.wst.jsdt.internal.core.CompilationUnit.codeSelect(CompilationUnit.java:318)
	at org.eclipse.wst.jsdt.internal.core.CompilationUnit.codeSelect(CompilationUnit.java:312)
	at org.eclipse.wst.jsdt.internal.ui.text.java.hover.AbstractJavaEditorTextHover.getHoverInfo(AbstractJavaEditorTextHover.java:114)
	at org.eclipse.wst.jsdt.internal.ui.text.java.hover.AbstractJavaEditorTextHover.getHoverInfo2(AbstractJavaEditorTextHover.java:95)
	at org.eclipse.wst.jsdt.internal.ui.text.java.hover.BestMatchHover.getHoverInfo2(BestMatchHover.java:147)
	at org.eclipse.wst.jsdt.internal.ui.text.java.hover.JavaEditorTextHoverProxy.getHoverInfo2(JavaEditorTextHoverProxy.java:78)
	at org.eclipse.jface.text.TextViewerHoverManager$4.run(TextViewerHoverManager.java:166)

!ENTRY org.eclipse.osgi 2 1 2014-12-08 16:18:22.906
!MESSAGE NLS unused message: PHPDebugPreferencesAdvancedAddon_errorMessage2 in: com.zend.php.debug.internal.ui.DebugUIMessages

!ENTRY org.eclipse.dltk.core 2 0 2014-12-08 16:25:00.203
!MESSAGE Error decoding problem idenfier "570425394"
!SESSION 2014-12-09 08:44:53.568 -----------------------------------------------
eclipse.buildId=unknown
java.version=1.6.0_18
java.vendor=Sun Microsystems Inc.
BootLoader constants: OS=win32, ARCH=x86, WS=win32, NL=zh_CN
Framework arguments:  -showlocation
Command-line arguments:  -os win32 -ws win32 -arch x86 -showlocation

!ENTRY org.eclipse.jface 2 0 2014-12-09 08:48:44.754
!MESSAGE Keybinding conflicts occurred.  They may interfere with normal accelerator operation.
!SUBENTRY 1 org.eclipse.jface 2 0 2014-12-09 08:48:44.754
!MESSAGE A conflict occurred for CTRL+SHIFT+I:
Binding(CTRL+SHIFT+I,
	ParameterizedCommand(Command(org.eclipse.jdt.debug.ui.commands.Inspect,Inspect,
		Inspect result of evaluating selected text,
		Category(org.eclipse.debug.ui.category.run,Run/Debug,Run/Debug command category,true),
		,
		,,true),null),
	org.eclipse.ui.defaultAcceleratorConfiguration,
	org.eclipse.ui.contexts.dialogAndWindow,,,system)
Binding(CTRL+SHIFT+I,
	ParameterizedCommand(Command(org.eclipse.php.debug.ui.commands.Inspect,Inspect,
		Inspect result of evaluating selected text,
		Category(org.eclipse.debug.ui.category.run,Run/Debug,Run/Debug command category,true),
		,
		,,true),null),
	org.eclipse.ui.defaultAcceleratorConfiguration,
	org.eclipse.ui.contexts.dialogAndWindow,,,system)

!ENTRY org.eclipse.osgi 2 1 2014-12-09 08:48:49.113
!MESSAGE NLS missing message: CreateProjectWorkspaceJob_1 in: com.zend.php.remoteproject.internal.ui.wizard.messages

!ENTRY org.eclipse.osgi 2 0 2014-12-09 08:49:07.891
!MESSAGE While loading class "org.eclipse.dltk.internal.core.index.sql.h2.H2ContainerDao", thread "Thread[Worker-8,5,main]" timed out waiting (4999ms) for thread "Thread[DLTK indexing,4,main]" to finish starting bundle "org.eclipse.dltk.core.index.sql.h2_3.0.0.v20110615-1000 [158]". To avoid deadlock, thread "Thread[Worker-8,5,main]" is proceeding but "org.eclipse.dltk.internal.core.index.sql.h2.H2ContainerDao" may not be fully initialized.
!STACK 0
org.osgi.framework.BundleException: State change in progress for bundle "reference:file:plugins/org.eclipse.dltk.core.index.sql.h2_3.0.0.v20110615-1000.jar" by thread "DLTK indexing".
	at org.eclipse.osgi.framework.internal.core.AbstractBundle.beginStateChange(AbstractBundle.java:1087)
	at org.eclipse.osgi.framework.internal.core.AbstractBundle.start(AbstractBundle.java:297)
	at org.eclipse.osgi.framework.util.SecureAction.start(SecureAction.java:440)
	at org.eclipse.osgi.internal.loader.BundleLoader.setLazyTrigger(BundleLoader.java:268)
	at org.eclipse.core.runtime.internal.adaptor.EclipseLazyStarter.postFindLocalClass(EclipseLazyStarter.java:107)
	at org.eclipse.osgi.baseadaptor.loader.ClasspathManager.findLocalClass(ClasspathManager.java:462)
	at org.eclipse.osgi.internal.baseadaptor.DefaultClassLoader.findLocalClass(DefaultClassLoader.java:216)
	at org.eclipse.osgi.internal.loader.BundleLoader.findLocalClass(BundleLoader.java:400)
	at org.eclipse.osgi.internal.loader.BundleLoader.findClassInternal(BundleLoader.java:476)
	at org.eclipse.osgi.internal.loader.BundleLoader.findClass(BundleLoader.java:429)
	at org.eclipse.osgi.internal.loader.BundleLoader.findClass(BundleLoader.java:417)
	at org.eclipse.osgi.internal.baseadaptor.DefaultClassLoader.loadClass(DefaultClassLoader.java:107)
	at java.lang.ClassLoader.loadClass(Unknown Source)
	at org.eclipse.dltk.internal.core.index.sql.h2.H2DbFactory.getContainerDao(H2DbFactory.java:156)
	at org.eclipse.dltk.internal.core.index.sql.SqlSearchEngine.search(SqlSearchEngine.java:83)
	at org.eclipse.dltk.core.index2.search.ModelAccess.findElements(ModelAccess.java:285)
	at org.eclipse.dltk.core.index2.search.ModelAccess.findElements(ModelAccess.java:263)
	at org.eclipse.dltk.core.index2.search.ModelAccess.findTypes(ModelAccess.java:203)
	at org.eclipse.dltk.internal.core.hierarchy.HierarchyResolver.findTypes(HierarchyResolver.java:63)
	at org.eclipse.dltk.internal.core.hierarchy.HierarchyResolver.searchTypes(HierarchyResolver.java:307)
	at org.eclipse.dltk.internal.core.hierarchy.HierarchyResolver.searchTypes(HierarchyResolver.java:286)
	at org.eclipse.dltk.internal.core.hierarchy.HierarchyResolver.computeSupertypesFor(HierarchyResolver.java:257)
	at org.eclipse.dltk.internal.core.hierarchy.HierarchyResolver.computeSupertypes(HierarchyResolver.java:243)
	at org.eclipse.dltk.internal.core.hierarchy.HierarchyResolver.resolve(HierarchyResolver.java:56)
	at org.eclipse.dltk.internal.core.hierarchy.HierarchyBuilder.buildSupertypes(HierarchyBuilder.java:123)
	at org.eclipse.dltk.internal.core.hierarchy.IndexBasedHierarchyBuilder.build(IndexBasedHierarchyBuilder.java:168)
	at org.eclipse.dltk.internal.core.hierarchy.TypeHierarchy.compute(TypeHierarchy.java:338)
	at org.eclipse.dltk.internal.core.hierarchy.TypeHierarchy.refresh(TypeHierarchy.java:1207)
	at org.eclipse.dltk.internal.core.CreateTypeHierarchyOperation.executeOperation(CreateTypeHierarchyOperation.java:89)
	at org.eclipse.dltk.internal.core.ModelOperation.run(ModelOperation.java:698)
	at org.eclipse.dltk.internal.core.ModelOperation.runOperation(ModelOperation.java:764)
	at org.eclipse.dltk.internal.core.SourceType.newSupertypeHierarchy(SourceType.java:404)
	at org.eclipse.dltk.internal.core.SourceType.newSupertypeHierarchy(SourceType.java:369)
	at org.eclipse.php.internal.ui.corext.util.SuperTypeHierarchyCache.getTypeHierarchy(SuperTypeHierarchyCache.java:140)
	at org.eclipse.php.internal.ui.corext.util.SuperTypeHierarchyCache.getTypeHierarchy(SuperTypeHierarchyCache.java:91)
	at org.eclipse.php.internal.ui.corext.util.SuperTypeHierarchyCache.getMethodOverrideTester(SuperTypeHierarchyCache.java:101)
	at org.eclipse.php.ui.OverrideIndicatorLabelDecorator.getOverrideIndicators(OverrideIndicatorLabelDecorator.java:175)
	at org.eclipse.php.ui.OverrideIndicatorLabelDecorator.computeAdornmentFlags(OverrideIndicatorLabelDecorator.java:132)
	at org.eclipse.php.ui.OverrideIndicatorLabelDecorator.decorate(OverrideIndicatorLabelDecorator.java:259)
	at org.eclipse.ui.internal.decorators.LightweightDecoratorDefinition.decorate(LightweightDecoratorDefinition.java:269)
	at org.eclipse.ui.internal.decorators.LightweightDecoratorManager$LightweightRunnable.run(LightweightDecoratorManager.java:81)
	at org.eclipse.core.runtime.SafeRunner.run(SafeRunner.java:42)
	at org.eclipse.ui.internal.decorators.LightweightDecoratorManager.decorate(LightweightDecoratorManager.java:365)
	at org.eclipse.ui.internal.decorators.LightweightDecoratorManager.getDecorations(LightweightDecoratorManager.java:347)
	at org.eclipse.ui.internal.decorators.DecorationScheduler$1.ensureResultCached(DecorationScheduler.java:370)
	at org.eclipse.ui.internal.decorators.DecorationScheduler$1.run(DecorationScheduler.java:330)
	at org.eclipse.core.internal.jobs.Worker.run(Worker.java:54)
Caused by: org.eclipse.osgi.framework.internal.core.AbstractBundle$BundleStatusException
	... 47 more
Root exception:
org.eclipse.osgi.framework.internal.core.AbstractBundle$BundleStatusException
	at org.eclipse.osgi.framework.internal.core.AbstractBundle.beginStateChange(AbstractBundle.java:1087)
	at org.eclipse.osgi.framework.internal.core.AbstractBundle.start(AbstractBundle.java:297)
	at org.eclipse.osgi.framework.util.SecureAction.start(SecureAction.java:440)
	at org.eclipse.osgi.internal.loader.BundleLoader.setLazyTrigger(BundleLoader.java:268)
	at org.eclipse.core.runtime.internal.adaptor.EclipseLazyStarter.postFindLocalClass(EclipseLazyStarter.java:107)
	at org.eclipse.osgi.baseadaptor.loader.ClasspathManager.findLocalClass(ClasspathManager.java:462)
	at org.eclipse.osgi.internal.baseadaptor.DefaultClassLoader.findLocalClass(DefaultClassLoader.java:216)
	at org.eclipse.osgi.internal.loader.BundleLoader.findLocalClass(BundleLoader.java:400)
	at org.eclipse.osgi.internal.loader.BundleLoader.findClassInternal(BundleLoader.java:476)
	at org.eclipse.osgi.internal.loader.BundleLoader.findClass(BundleLoader.java:429)
	at org.eclipse.osgi.internal.loader.BundleLoader.findClass(BundleLoader.java:417)
	at org.eclipse.osgi.internal.baseadaptor.DefaultClassLoader.loadClass(DefaultClassLoader.java:107)
	at java.lang.ClassLoader.loadClass(Unknown Source)
	at org.eclipse.dltk.internal.core.index.sql.h2.H2DbFactory.getContainerDao(H2DbFactory.java:156)
	at org.eclipse.dltk.internal.core.index.sql.SqlSearchEngine.search(SqlSearchEngine.java:83)
	at org.eclipse.dltk.core.index2.search.ModelAccess.findElements(ModelAccess.java:285)
	at org.eclipse.dltk.core.index2.search.ModelAccess.findElements(ModelAccess.java:263)
	at org.eclipse.dltk.core.index2.search.ModelAccess.findTypes(ModelAccess.java:203)
	at org.eclipse.dltk.internal.core.hierarchy.HierarchyResolver.findTypes(HierarchyResolver.java:63)
	at org.eclipse.dltk.internal.core.hierarchy.HierarchyResolver.searchTypes(HierarchyResolver.java:307)
	at org.eclipse.dltk.internal.core.hierarchy.HierarchyResolver.searchTypes(HierarchyResolver.java:286)
	at org.eclipse.dltk.internal.core.hierarchy.HierarchyResolver.computeSupertypesFor(HierarchyResolver.java:257)
	at org.eclipse.dltk.internal.core.hierarchy.HierarchyResolver.computeSupertypes(HierarchyResolver.java:243)
	at org.eclipse.dltk.internal.core.hierarchy.HierarchyResolver.resolve(HierarchyResolver.java:56)
	at org.eclipse.dltk.internal.core.hierarchy.HierarchyBuilder.buildSupertypes(HierarchyBuilder.java:123)
	at org.eclipse.dltk.internal.core.hierarchy.IndexBasedHierarchyBuilder.build(IndexBasedHierarchyBuilder.java:168)
	at org.eclipse.dltk.internal.core.hierarchy.TypeHierarchy.compute(TypeHierarchy.java:338)
	at org.eclipse.dltk.internal.core.hierarchy.TypeHierarchy.refresh(TypeHierarchy.java:1207)
	at org.eclipse.dltk.internal.core.CreateTypeHierarchyOperation.executeOperation(CreateTypeHierarchyOperation.java:89)
	at org.eclipse.dltk.internal.core.ModelOperation.run(ModelOperation.java:698)
	at org.eclipse.dltk.internal.core.ModelOperation.runOperation(ModelOperation.java:764)
	at org.eclipse.dltk.internal.core.SourceType.newSupertypeHierarchy(SourceType.java:404)
	at org.eclipse.dltk.internal.core.SourceType.newSupertypeHierarchy(SourceType.java:369)
	at org.eclipse.php.internal.ui.corext.util.SuperTypeHierarchyCache.getTypeHierarchy(SuperTypeHierarchyCache.java:140)
	at org.eclipse.php.internal.ui.corext.util.SuperTypeHierarchyCache.getTypeHierarchy(SuperTypeHierarchyCache.java:91)
	at org.eclipse.php.internal.ui.corext.util.SuperTypeHierarchyCache.getMethodOverrideTester(SuperTypeHierarchyCache.java:101)
	at org.eclipse.php.ui.OverrideIndicatorLabelDecorator.getOverrideIndicators(OverrideIndicatorLabelDecorator.java:175)
	at org.eclipse.php.ui.OverrideIndicatorLabelDecorator.computeAdornmentFlags(OverrideIndicatorLabelDecorator.java:132)
	at org.eclipse.php.ui.OverrideIndicatorLabelDecorator.decorate(OverrideIndicatorLabelDecorator.java:259)
	at org.eclipse.ui.internal.decorators.LightweightDecoratorDefinition.decorate(LightweightDecoratorDefinition.java:269)
	at org.eclipse.ui.internal.decorators.LightweightDecoratorManager$LightweightRunnable.run(LightweightDecoratorManager.java:81)
	at org.eclipse.core.runtime.SafeRunner.run(SafeRunner.java:42)
	at org.eclipse.ui.internal.decorators.LightweightDecoratorManager.decorate(LightweightDecoratorManager.java:365)
	at org.eclipse.ui.internal.decorators.LightweightDecoratorManager.getDecorations(LightweightDecoratorManager.java:347)
	at org.eclipse.ui.internal.decorators.DecorationScheduler$1.ensureResultCached(DecorationScheduler.java:370)
	at org.eclipse.ui.internal.decorators.DecorationScheduler$1.run(DecorationScheduler.java:330)
	at org.eclipse.core.internal.jobs.Worker.run(Worker.java:54)

!ENTRY org.eclipse.ui.workbench 2 0 2014-12-09 08:50:15.163
!MESSAGE A handler conflict occurred.  This may disable some commands.
!SUBENTRY 1 org.eclipse.ui.workbench 2 0 2014-12-09 08:50:15.163
!MESSAGE Conflict for 'org.eclipse.dltk.ui.edit.text.script.refactor.quickMenu':
HandlerActivation(commandId=org.eclipse.dltk.ui.edit.text.script.refactor.quickMenu,
	handler=org.eclipse.dltk.internal.ui.actions.refactoring.RefactorActionGroup$3@10a9da7,
	expression=AndExpression(ActivePartExpression(org.eclipse.php.internal.ui.explorer.PHPExplorerPart@9ecc3e),WorkbenchWindowExpression(org.eclipse.ui.internal.WorkbenchWindow@97f621)),sourcePriority=1064960)
HandlerActivation(commandId=org.eclipse.dltk.ui.edit.text.script.refactor.quickMenu,
	handler=org.eclipse.dltk.internal.ui.actions.refactoring.RefactorActionGroup$3@1f4591e,
	expression=AndExpression(ActivePartExpression(org.eclipse.php.internal.ui.explorer.PHPExplorerPart@9ecc3e),WorkbenchWindowExpression(org.eclipse.ui.internal.WorkbenchWindow@97f621)),sourcePriority=1064960)

!ENTRY org.eclipse.dltk.core 2 0 2014-12-09 08:57:41.803
!MESSAGE Error decoding problem idenfier "67108964"

!ENTRY org.eclipse.wst.sse.ui 4 4 2014-12-09 15:51:04.369
!MESSAGE Resource is out of sync with the file system: '/Education_dev_platform/Application/System/View/v1/Course/index.html'.
!STACK 1
org.eclipse.core.internal.resources.ResourceException: Resource is out of sync with the file system: '/Education_dev_platform/Application/System/View/v1/Course/index.html'.
	at org.eclipse.core.internal.resources.File.getContentDescription(File.java:269)
	at org.eclipse.wst.sse.ui.internal.actions.FormatActionDelegate.processorAvailable(FormatActionDelegate.java:219)
	at org.eclipse.php.internal.ui.actions.format.FormatActionDelegate.selectionChanged(FormatActionDelegate.java:132)
	at org.eclipse.php.internal.ui.actions.FormatDocumentAction.selectionChanged(FormatDocumentAction.java:33)
	at org.eclipse.ui.internal.PluginAction.refreshEnablement(PluginAction.java:206)
	at org.eclipse.ui.internal.PluginAction.selectionChanged(PluginAction.java:277)
	at org.eclipse.ui.internal.PluginAction.selectionChanged(PluginAction.java:299)
	at org.eclipse.ui.internal.AbstractSelectionService.fireSelection(AbstractSelectionService.java:156)
	at org.eclipse.ui.internal.AbstractSelectionService.setActivePart(AbstractSelectionService.java:282)
	at org.eclipse.ui.internal.WWinPartService.updateActivePart(WWinPartService.java:135)
	at org.eclipse.ui.internal.WWinPartService.access$0(WWinPartService.java:125)
	at org.eclipse.ui.internal.WWinPartService$WWinListener.partDeactivated(WWinPartService.java:50)
	at org.eclipse.ui.internal.PartListenerList2$4.run(PartListenerList2.java:115)
	at org.eclipse.core.runtime.SafeRunner.run(SafeRunner.java:42)
	at org.eclipse.core.runtime.Platform.run(Platform.java:888)
	at org.eclipse.ui.internal.PartListenerList2.fireEvent(PartListenerList2.java:55)
	at org.eclipse.ui.internal.PartListenerList2.firePartDeactivated(PartListenerList2.java:113)
	at org.eclipse.ui.internal.PartService.firePartDeactivated(PartService.java:242)
	at org.eclipse.ui.internal.PartService.setActivePart(PartService.java:300)
	at org.eclipse.ui.internal.WorkbenchPagePartList.fireActivePartChanged(WorkbenchPagePartList.java:57)
	at org.eclipse.ui.internal.PartList.setActivePart(PartList.java:136)
	at org.eclipse.ui.internal.WorkbenchPage.setActivePart(WorkbenchPage.java:3636)
	at org.eclipse.ui.internal.WorkbenchPage.requestActivation(WorkbenchPage.java:3159)
	at org.eclipse.ui.internal.PartPane.requestActivation(PartPane.java:279)
	at org.eclipse.ui.internal.PartPane.handleEvent(PartPane.java:237)
	at org.eclipse.swt.widgets.EventTable.sendEvent(EventTable.java:84)
	at org.eclipse.swt.widgets.Widget.sendEvent(Widget.java:1053)
	at org.eclipse.swt.widgets.Widget.sendEvent(Widget.java:1077)
	at org.eclipse.swt.widgets.Widget.sendEvent(Widget.java:1058)
	at org.eclipse.swt.widgets.Shell.setActiveControl(Shell.java:1447)
	at org.eclipse.swt.widgets.Shell.WM_MOUSEACTIVATE(Shell.java:2320)
	at org.eclipse.swt.widgets.Control.windowProc(Control.java:4572)
	at org.eclipse.swt.widgets.Canvas.windowProc(Canvas.java:341)
	at org.eclipse.swt.widgets.Decorations.windowProc(Decorations.java:1610)
	at org.eclipse.swt.widgets.Shell.windowProc(Shell.java:2061)
	at org.eclipse.swt.widgets.Display.windowProc(Display.java:4985)
	at org.eclipse.swt.internal.win32.OS.DefWindowProcW(Native Method)
	at org.eclipse.swt.internal.win32.OS.DefWindowProc(OS.java:2526)
	at org.eclipse.swt.widgets.Scrollable.callWindowProc(Scrollable.java:80)
	at org.eclipse.swt.widgets.Control.windowProc(Control.java:4623)
	at org.eclipse.swt.widgets.Display.windowProc(Display.java:4985)
	at org.eclipse.swt.internal.win32.OS.DefWindowProcW(Native Method)
	at org.eclipse.swt.internal.win32.OS.DefWindowProc(OS.java:2526)
	at org.eclipse.swt.widgets.Scrollable.callWindowProc(Scrollable.java:80)
	at org.eclipse.swt.widgets.Control.windowProc(Control.java:4623)
	at org.eclipse.swt.widgets.Display.windowProc(Display.java:4985)
	at org.eclipse.swt.internal.win32.OS.DefWindowProcW(Native Method)
	at org.eclipse.swt.internal.win32.OS.DefWindowProc(OS.java:2526)
	at org.eclipse.swt.widgets.Scrollable.callWindowProc(Scrollable.java:80)
	at org.eclipse.swt.widgets.Control.windowProc(Control.java:4623)
	at org.eclipse.swt.widgets.Display.windowProc(Display.java:4985)
	at org.eclipse.swt.internal.win32.OS.DefWindowProcW(Native Method)
	at org.eclipse.swt.internal.win32.OS.DefWindowProc(OS.java:2526)
	at org.eclipse.swt.widgets.Scrollable.callWindowProc(Scrollable.java:80)
	at org.eclipse.swt.widgets.Control.windowProc(Control.java:4623)
	at org.eclipse.swt.widgets.Display.windowProc(Display.java:4985)
	at org.eclipse.swt.internal.win32.OS.CallWindowProcW(Native Method)
	at org.eclipse.swt.internal.win32.OS.CallWindowProc(OS.java:2425)
	at org.eclipse.swt.widgets.Tree.callWindowProc(Tree.java:1533)
	at org.eclipse.swt.widgets.Control.windowProc(Control.java:4623)
	at org.eclipse.swt.widgets.Tree.windowProc(Tree.java:5937)
	at org.eclipse.swt.widgets.Display.windowProc(Display.java:4985)
	at org.eclipse.swt.internal.win32.OS.PeekMessageW(Native Method)
	at org.eclipse.swt.internal.win32.OS.PeekMessage(OS.java:3114)
	at org.eclipse.swt.widgets.Display.readAndDispatch(Display.java:3749)
	at org.eclipse.ui.internal.Workbench.runEventLoop(Workbench.java:2696)
	at org.eclipse.ui.internal.Workbench.runUI(Workbench.java:2660)
	at org.eclipse.ui.internal.Workbench.access$4(Workbench.java:2494)
	at org.eclipse.ui.internal.Workbench$7.run(Workbench.java:674)
	at org.eclipse.core.databinding.observable.Realm.runWithDefault(Realm.java:332)
	at org.eclipse.ui.internal.Workbench.createAndRunWorkbench(Workbench.java:667)
	at org.eclipse.ui.PlatformUI.createAndRunWorkbench(PlatformUI.java:149)
	at org.eclipse.ui.internal.ide.application.IDEApplication.start(IDEApplication.java:123)
	at org.eclipse.equinox.internal.app.EclipseAppHandle.run(EclipseAppHandle.java:196)
	at org.eclipse.core.runtime.internal.adaptor.EclipseAppLauncher.runApplication(EclipseAppLauncher.java:110)
	at org.eclipse.core.runtime.internal.adaptor.EclipseAppLauncher.start(EclipseAppLauncher.java:79)
	at org.eclipse.core.runtime.adaptor.EclipseStarter.run(EclipseStarter.java:344)
	at org.eclipse.core.runtime.adaptor.EclipseStarter.run(EclipseStarter.java:179)
	at sun.reflect.NativeMethodAccessorImpl.invoke0(Native Method)
	at sun.reflect.NativeMethodAccessorImpl.invoke(Unknown Source)
	at sun.reflect.DelegatingMethodAccessorImpl.invoke(Unknown Source)
	at java.lang.reflect.Method.invoke(Unknown Source)
	at org.eclipse.equinox.launcher.Main.invokeFramework(Main.java:622)
	at org.eclipse.equinox.launcher.Main.basicRun(Main.java:577)
	at org.eclipse.equinox.launcher.Main.run(Main.java:1410)
!SUBENTRY 1 org.eclipse.core.resources 4 274 2014-12-09 15:51:04.401
!MESSAGE Resource is out of sync with the file system: '/Education_dev_platform/Application/System/View/v1/Course/index.html'.

!ENTRY com.zend.php.semanticanalysis.core 4 10001 2014-12-09 15:51:10.619
!MESSAGE Plugin internal error
!STACK 0
java.lang.NullPointerException
	at com.zend.php.semanticanalysis.internal.core.checks.EVariableDeclarationSearcher.postProcess(EVariableDeclarationSearcher.java)
	at com.zend.php.semanticanalysis.internal.core.checks.UndeclaredVariableCheck$UndeclaredVarsSearcher.postProcess(UndeclaredVariableCheck.java)
	at org.eclipse.php.internal.core.typeinference.VariableDeclarationSearcher.visit(VariableDeclarationSearcher.java:161)
	at org.eclipse.php.internal.core.compiler.ast.nodes.PHPCallExpression.traverse(PHPCallExpression.java:37)
	at org.eclipse.php.internal.core.compiler.ast.nodes.UnaryOperation.traverse(UnaryOperation.java:51)
	at org.eclipse.php.internal.core.compiler.ast.nodes.IfStatement.traverse(IfStatement.java:54)
	at org.eclipse.dltk.ast.statements.Block.traverse(Block.java:43)
	at org.eclipse.dltk.ast.declarations.MethodDeclaration.traverseChildNodes(MethodDeclaration.java:97)
	at org.eclipse.dltk.ast.declarations.MethodDeclaration.traverse(MethodDeclaration.java:71)
	at org.eclipse.dltk.ast.statements.Block.traverse(Block.java:43)
	at org.eclipse.dltk.ast.declarations.TypeDeclaration.traverse(TypeDeclaration.java:158)
	at org.eclipse.dltk.ast.statements.Block.traverse(Block.java:43)
	at org.eclipse.dltk.ast.declarations.TypeDeclaration.traverse(TypeDeclaration.java:158)
	at org.eclipse.dltk.ast.statements.Block.traverse(Block.java:43)
	at org.eclipse.dltk.ast.declarations.ModuleDeclaration.traverse(ModuleDeclaration.java:71)
	at com.zend.php.semanticanalysis.internal.core.checks.UndeclaredVariableCheck.a(UndeclaredVariableCheck.java)
	at com.zend.php.semanticanalysis.internal.core.SemanticAnalysisBuilder.a(SemanticAnalysisBuilder.java)
	at com.zend.php.semanticanalysis.internal.core.SemanticAnalysisBuilder.build(SemanticAnalysisBuilder.java)
	at org.eclipse.dltk.internal.core.builder.ScriptBuilder.incrementalBuild(ScriptBuilder.java:555)
	at org.eclipse.dltk.internal.core.builder.ScriptBuilder.build(ScriptBuilder.java:172)
	at org.eclipse.core.internal.events.BuildManager$2.run(BuildManager.java:728)
	at org.eclipse.core.runtime.SafeRunner.run(SafeRunner.java:42)
	at org.eclipse.core.internal.events.BuildManager.basicBuild(BuildManager.java:199)
	at org.eclipse.core.internal.events.BuildManager.basicBuild(BuildManager.java:239)
	at org.eclipse.core.internal.events.BuildManager$1.run(BuildManager.java:292)
	at org.eclipse.core.runtime.SafeRunner.run(SafeRunner.java:42)
	at org.eclipse.core.internal.events.BuildManager.basicBuild(BuildManager.java:295)
	at org.eclipse.core.internal.events.BuildManager.basicBuildLoop(BuildManager.java:351)
	at org.eclipse.core.internal.events.BuildManager.build(BuildManager.java:374)
	at org.eclipse.core.internal.events.AutoBuildJob.doBuild(AutoBuildJob.java:143)
	at org.eclipse.core.internal.events.AutoBuildJob.run(AutoBuildJob.java:241)
	at org.eclipse.core.internal.jobs.Worker.run(Worker.java:54)

!ENTRY com.zend.php.semanticanalysis.core 4 10001 2014-12-09 15:51:10.619
!MESSAGE Plugin internal error
!STACK 0
java.lang.NullPointerException
	at com.zend.php.semanticanalysis.internal.core.checks.EVariableDeclarationSearcher.postProcess(EVariableDeclarationSearcher.java)
	at com.zend.php.semanticanalysis.internal.core.checks.UndeclaredVariableCheck$UndeclaredVarsSearcher.postProcess(UndeclaredVariableCheck.java)
	at org.eclipse.php.internal.core.typeinference.VariableDeclarationSearcher.visit(VariableDeclarationSearcher.java:161)
	at org.eclipse.php.internal.core.compiler.ast.nodes.PHPCallExpression.traverse(PHPCallExpression.java:37)
	at org.eclipse.php.internal.core.compiler.ast.nodes.UnaryOperation.traverse(UnaryOperation.java:51)
	at org.eclipse.php.internal.core.compiler.ast.nodes.IfStatement.traverse(IfStatement.java:54)
	at org.eclipse.dltk.ast.statements.Block.traverse(Block.java:43)
	at org.eclipse.dltk.ast.declarations.MethodDeclaration.traverseChildNodes(MethodDeclaration.java:97)
	at org.eclipse.dltk.ast.declarations.MethodDeclaration.traverse(MethodDeclaration.java:71)
	at org.eclipse.dltk.ast.statements.Block.traverse(Block.java:43)
	at org.eclipse.dltk.ast.declarations.TypeDeclaration.traverse(TypeDeclaration.java:158)
	at org.eclipse.dltk.ast.statements.Block.traverse(Block.java:43)
	at org.eclipse.dltk.ast.declarations.TypeDeclaration.traverse(TypeDeclaration.java:158)
	at org.eclipse.dltk.ast.statements.Block.traverse(Block.java:43)
	at org.eclipse.dltk.ast.declarations.ModuleDeclaration.traverse(ModuleDeclaration.java:71)
	at com.zend.php.semanticanalysis.internal.core.checks.UndeclaredVariableCheck.a(UndeclaredVariableCheck.java)
	at com.zend.php.semanticanalysis.internal.core.SemanticAnalysisBuilder.a(SemanticAnalysisBuilder.java)
	at com.zend.php.semanticanalysis.internal.core.SemanticAnalysisBuilder.build(SemanticAnalysisBuilder.java)
	at org.eclipse.dltk.internal.core.builder.ScriptBuilder.incrementalBuild(ScriptBuilder.java:555)
	at org.eclipse.dltk.internal.core.builder.ScriptBuilder.build(ScriptBuilder.java:172)
	at org.eclipse.core.internal.events.BuildManager$2.run(BuildManager.java:728)
	at org.eclipse.core.runtime.SafeRunner.run(SafeRunner.java:42)
	at org.eclipse.core.internal.events.BuildManager.basicBuild(BuildManager.java:199)
	at org.eclipse.core.internal.events.BuildManager.basicBuild(BuildManager.java:239)
	at org.eclipse.core.internal.events.BuildManager$1.run(BuildManager.java:292)
	at org.eclipse.core.runtime.SafeRunner.run(SafeRunner.java:42)
	at org.eclipse.core.internal.events.BuildManager.basicBuild(BuildManager.java:295)
	at org.eclipse.core.internal.events.BuildManager.basicBuildLoop(BuildManager.java:351)
	at org.eclipse.core.internal.events.BuildManager.build(BuildManager.java:374)
	at org.eclipse.core.internal.events.AutoBuildJob.doBuild(AutoBuildJob.java:143)
	at org.eclipse.core.internal.events.AutoBuildJob.run(AutoBuildJob.java:241)
	at org.eclipse.core.internal.jobs.Worker.run(Worker.java:54)

!ENTRY com.zend.php.semanticanalysis.core 4 10001 2014-12-09 15:51:10.635
!MESSAGE Plugin internal error
!STACK 0
java.lang.NullPointerException
	at com.zend.php.semanticanalysis.internal.core.checks.EVariableDeclarationSearcher.postProcess(EVariableDeclarationSearcher.java)
	at com.zend.php.semanticanalysis.internal.core.checks.UndeclaredVariableCheck$UndeclaredVarsSearcher.postProcess(UndeclaredVariableCheck.java)
	at org.eclipse.php.internal.core.typeinference.VariableDeclarationSearcher.visit(VariableDeclarationSearcher.java:161)
	at org.eclipse.php.internal.core.compiler.ast.nodes.PHPCallExpression.traverse(PHPCallExpression.java:37)
	at org.eclipse.php.internal.core.compiler.ast.nodes.UnaryOperation.traverse(UnaryOperation.java:51)
	at org.eclipse.php.internal.core.compiler.ast.nodes.IfStatement.traverse(IfStatement.java:54)
	at org.eclipse.dltk.ast.statements.Block.traverse(Block.java:43)
	at org.eclipse.dltk.ast.declarations.MethodDeclaration.traverseChildNodes(MethodDeclaration.java:97)
	at org.eclipse.dltk.ast.declarations.MethodDeclaration.traverse(MethodDeclaration.java:71)
	at org.eclipse.dltk.ast.statements.Block.traverse(Block.java:43)
	at org.eclipse.dltk.ast.declarations.TypeDeclaration.traverse(TypeDeclaration.java:158)
	at org.eclipse.dltk.ast.statements.Block.traverse(Block.java:43)
	at org.eclipse.dltk.ast.declarations.TypeDeclaration.traverse(TypeDeclaration.java:158)
	at org.eclipse.dltk.ast.statements.Block.traverse(Block.java:43)
	at org.eclipse.dltk.ast.declarations.ModuleDeclaration.traverse(ModuleDeclaration.java:71)
	at com.zend.php.semanticanalysis.internal.core.checks.UndeclaredVariableCheck.a(UndeclaredVariableCheck.java)
	at com.zend.php.semanticanalysis.internal.core.SemanticAnalysisBuilder.a(SemanticAnalysisBuilder.java)
	at com.zend.php.semanticanalysis.internal.core.SemanticAnalysisBuilder.build(SemanticAnalysisBuilder.java)
	at org.eclipse.dltk.internal.core.builder.ScriptBuilder.incrementalBuild(ScriptBuilder.java:555)
	at org.eclipse.dltk.internal.core.builder.ScriptBuilder.build(ScriptBuilder.java:172)
	at org.eclipse.core.internal.events.BuildManager$2.run(BuildManager.java:728)
	at org.eclipse.core.runtime.SafeRunner.run(SafeRunner.java:42)
	at org.eclipse.core.internal.events.BuildManager.basicBuild(BuildManager.java:199)
	at org.eclipse.core.internal.events.BuildManager.basicBuild(BuildManager.java:239)
	at org.eclipse.core.internal.events.BuildManager$1.run(BuildManager.java:292)
	at org.eclipse.core.runtime.SafeRunner.run(SafeRunner.java:42)
	at org.eclipse.core.internal.events.BuildManager.basicBuild(BuildManager.java:295)
	at org.eclipse.core.internal.events.BuildManager.basicBuildLoop(BuildManager.java:351)
	at org.eclipse.core.internal.events.BuildManager.build(BuildManager.java:374)
	at org.eclipse.core.internal.events.AutoBuildJob.doBuild(AutoBuildJob.java:143)
	at org.eclipse.core.internal.events.AutoBuildJob.run(AutoBuildJob.java:241)
	at org.eclipse.core.internal.jobs.Worker.run(Worker.java:54)

!ENTRY com.zend.php.semanticanalysis.core 4 10001 2014-12-09 15:51:10.651
!MESSAGE Plugin internal error
!STACK 0
java.lang.NullPointerException
	at com.zend.php.semanticanalysis.internal.core.checks.EVariableDeclarationSearcher.postProcess(EVariableDeclarationSearcher.java)
	at com.zend.php.semanticanalysis.internal.core.checks.UndeclaredVariableCheck$UndeclaredVarsSearcher.postProcess(UndeclaredVariableCheck.java)
	at org.eclipse.php.internal.core.typeinference.VariableDeclarationSearcher.visit(VariableDeclarationSearcher.java:161)
	at org.eclipse.php.internal.core.compiler.ast.nodes.PHPCallExpression.traverse(PHPCallExpression.java:37)
	at org.eclipse.php.internal.core.compiler.ast.nodes.UnaryOperation.traverse(UnaryOperation.java:51)
	at org.eclipse.php.internal.core.compiler.ast.nodes.IfStatement.traverse(IfStatement.java:54)
	at org.eclipse.dltk.ast.statements.Block.traverse(Block.java:43)
	at org.eclipse.dltk.ast.declarations.MethodDeclaration.traverseChildNodes(MethodDeclaration.java:97)
	at org.eclipse.dltk.ast.declarations.MethodDeclaration.traverse(MethodDeclaration.java:71)
	at org.eclipse.dltk.ast.statements.Block.traverse(Block.java:43)
	at org.eclipse.dltk.ast.declarations.TypeDeclaration.traverse(TypeDeclaration.java:158)
	at org.eclipse.dltk.ast.statements.Block.traverse(Block.java:43)
	at org.eclipse.dltk.ast.declarations.TypeDeclaration.traverse(TypeDeclaration.java:158)
	at org.eclipse.dltk.ast.statements.Block.traverse(Block.java:43)
	at org.eclipse.dltk.ast.declarations.ModuleDeclaration.traverse(ModuleDeclaration.java:71)
	at com.zend.php.semanticanalysis.internal.core.checks.UndeclaredVariableCheck.a(UndeclaredVariableCheck.java)
	at com.zend.php.semanticanalysis.internal.core.SemanticAnalysisBuilder.a(SemanticAnalysisBuilder.java)
	at com.zend.php.semanticanalysis.internal.core.SemanticAnalysisBuilder.build(SemanticAnalysisBuilder.java)
	at org.eclipse.dltk.internal.core.builder.ScriptBuilder.incrementalBuild(ScriptBuilder.java:555)
	at org.eclipse.dltk.internal.core.builder.ScriptBuilder.build(ScriptBuilder.java:172)
	at org.eclipse.core.internal.events.BuildManager$2.run(BuildManager.java:728)
	at org.eclipse.core.runtime.SafeRunner.run(SafeRunner.java:42)
	at org.eclipse.core.internal.events.BuildManager.basicBuild(BuildManager.java:199)
	at org.eclipse.core.internal.events.BuildManager.basicBuild(BuildManager.java:239)
	at org.eclipse.core.internal.events.BuildManager$1.run(BuildManager.java:292)
	at org.eclipse.core.runtime.SafeRunner.run(SafeRunner.java:42)
	at org.eclipse.core.internal.events.BuildManager.basicBuild(BuildManager.java:295)
	at org.eclipse.core.internal.events.BuildManager.basicBuildLoop(BuildManager.java:351)
	at org.eclipse.core.internal.events.BuildManager.build(BuildManager.java:374)
	at org.eclipse.core.internal.events.AutoBuildJob.doBuild(AutoBuildJob.java:143)
	at org.eclipse.core.internal.events.AutoBuildJob.run(AutoBuildJob.java:241)
	at org.eclipse.core.internal.jobs.Worker.run(Worker.java:54)

!ENTRY com.zend.php.semanticanalysis.core 4 10001 2014-12-09 15:51:10.651
!MESSAGE Plugin internal error
!STACK 0
java.lang.NullPointerException
	at com.zend.php.semanticanalysis.internal.core.checks.EVariableDeclarationSearcher.postProcess(EVariableDeclarationSearcher.java)
	at com.zend.php.semanticanalysis.internal.core.checks.UndeclaredVariableCheck$UndeclaredVarsSearcher.postProcess(UndeclaredVariableCheck.java)
	at org.eclipse.php.internal.core.typeinference.VariableDeclarationSearcher.visit(VariableDeclarationSearcher.java:161)
	at org.eclipse.php.internal.core.compiler.ast.nodes.PHPCallExpression.traverse(PHPCallExpression.java:37)
	at org.eclipse.php.internal.core.compiler.ast.nodes.UnaryOperation.traverse(UnaryOperation.java:51)
	at org.eclipse.php.internal.core.compiler.ast.nodes.IfStatement.traverse(IfStatement.java:54)
	at org.eclipse.dltk.ast.statements.Block.traverse(Block.java:43)
	at org.eclipse.dltk.ast.declarations.MethodDeclaration.traverseChildNodes(MethodDeclaration.java:97)
	at org.eclipse.dltk.ast.declarations.MethodDeclaration.traverse(MethodDeclaration.java:71)
	at org.eclipse.dltk.ast.statements.Block.traverse(Block.java:43)
	at org.eclipse.dltk.ast.declarations.TypeDeclaration.traverse(TypeDeclaration.java:158)
	at org.eclipse.dltk.ast.statements.Block.traverse(Block.java:43)
	at org.eclipse.dltk.ast.declarations.TypeDeclaration.traverse(TypeDeclaration.java:158)
	at org.eclipse.dltk.ast.statements.Block.traverse(Block.java:43)
	at org.eclipse.dltk.ast.declarations.ModuleDeclaration.traverse(ModuleDeclaration.java:71)
	at com.zend.php.semanticanalysis.internal.core.checks.UndeclaredVariableCheck.a(UndeclaredVariableCheck.java)
	at com.zend.php.semanticanalysis.internal.core.SemanticAnalysisBuilder.a(SemanticAnalysisBuilder.java)
	at com.zend.php.semanticanalysis.internal.core.SemanticAnalysisBuilder.build(SemanticAnalysisBuilder.java)
	at org.eclipse.dltk.internal.core.builder.ScriptBuilder.incrementalBuild(ScriptBuilder.java:555)
	at org.eclipse.dltk.internal.core.builder.ScriptBuilder.build(ScriptBuilder.java:172)
	at org.eclipse.core.internal.events.BuildManager$2.run(BuildManager.java:728)
	at org.eclipse.core.runtime.SafeRunner.run(SafeRunner.java:42)
	at org.eclipse.core.internal.events.BuildManager.basicBuild(BuildManager.java:199)
	at org.eclipse.core.internal.events.BuildManager.basicBuild(BuildManager.java:239)
	at org.eclipse.core.internal.events.BuildManager$1.run(BuildManager.java:292)
	at org.eclipse.core.runtime.SafeRunner.run(SafeRunner.java:42)
	at org.eclipse.core.internal.events.BuildManager.basicBuild(BuildManager.java:295)
	at org.eclipse.core.internal.events.BuildManager.basicBuildLoop(BuildManager.java:351)
	at org.eclipse.core.internal.events.BuildManager.build(BuildManager.java:374)
	at org.eclipse.core.internal.events.AutoBuildJob.doBuild(AutoBuildJob.java:143)
	at org.eclipse.core.internal.events.AutoBuildJob.run(AutoBuildJob.java:241)
	at org.eclipse.core.internal.jobs.Worker.run(Worker.java:54)

!ENTRY com.zend.php.semanticanalysis.core 4 10001 2014-12-09 15:51:10.651
!MESSAGE Plugin internal error
!STACK 0
java.lang.NullPointerException
	at com.zend.php.semanticanalysis.internal.core.checks.EVariableDeclarationSearcher.postProcess(EVariableDeclarationSearcher.java)
	at com.zend.php.semanticanalysis.internal.core.checks.UndeclaredVariableCheck$UndeclaredVarsSearcher.postProcess(UndeclaredVariableCheck.java)
	at org.eclipse.php.internal.core.typeinference.VariableDeclarationSearcher.visit(VariableDeclarationSearcher.java:161)
	at org.eclipse.php.internal.core.compiler.ast.nodes.PHPCallExpression.traverse(PHPCallExpression.java:37)
	at org.eclipse.php.internal.core.compiler.ast.nodes.UnaryOperation.traverse(UnaryOperation.java:51)
	at org.eclipse.php.internal.core.compiler.ast.nodes.IfStatement.traverse(IfStatement.java:54)
	at org.eclipse.dltk.ast.statements.Block.traverse(Block.java:43)
	at org.eclipse.dltk.ast.declarations.MethodDeclaration.traverseChildNodes(MethodDeclaration.java:97)
	at org.eclipse.dltk.ast.declarations.MethodDeclaration.traverse(MethodDeclaration.java:71)
	at org.eclipse.dltk.ast.statements.Block.traverse(Block.java:43)
	at org.eclipse.dltk.ast.declarations.TypeDeclaration.traverse(TypeDeclaration.java:158)
	at org.eclipse.dltk.ast.statements.Block.traverse(Block.java:43)
	at org.eclipse.dltk.ast.declarations.TypeDeclaration.traverse(TypeDeclaration.java:158)
	at org.eclipse.dltk.ast.statements.Block.traverse(Block.java:43)
	at org.eclipse.dltk.ast.declarations.ModuleDeclaration.traverse(ModuleDeclaration.java:71)
	at com.zend.php.semanticanalysis.internal.core.checks.UndeclaredVariableCheck.a(UndeclaredVariableCheck.java)
	at com.zend.php.semanticanalysis.internal.core.SemanticAnalysisBuilder.a(SemanticAnalysisBuilder.java)
	at com.zend.php.semanticanalysis.internal.core.SemanticAnalysisBuilder.build(SemanticAnalysisBuilder.java)
	at org.eclipse.dltk.internal.core.builder.ScriptBuilder.incrementalBuild(ScriptBuilder.java:555)
	at org.eclipse.dltk.internal.core.builder.ScriptBuilder.build(ScriptBuilder.java:172)
	at org.eclipse.core.internal.events.BuildManager$2.run(BuildManager.java:728)
	at org.eclipse.core.runtime.SafeRunner.run(SafeRunner.java:42)
	at org.eclipse.core.internal.events.BuildManager.basicBuild(BuildManager.java:199)
	at org.eclipse.core.internal.events.BuildManager.basicBuild(BuildManager.java:239)
	at org.eclipse.core.internal.events.BuildManager$1.run(BuildManager.java:292)
	at org.eclipse.core.runtime.SafeRunner.run(SafeRunner.java:42)
	at org.eclipse.core.internal.events.BuildManager.basicBuild(BuildManager.java:295)
	at org.eclipse.core.internal.events.BuildManager.basicBuildLoop(BuildManager.java:351)
	at org.eclipse.core.internal.events.BuildManager.build(BuildManager.java:374)
	at org.eclipse.core.internal.events.AutoBuildJob.doBuild(AutoBuildJob.java:143)
	at org.eclipse.core.internal.events.AutoBuildJob.run(AutoBuildJob.java:241)
	at org.eclipse.core.internal.jobs.Worker.run(Worker.java:54)

!ENTRY com.zend.php.semanticanalysis.core 4 10001 2014-12-09 15:51:10.651
!MESSAGE Plugin internal error
!STACK 0
java.lang.NullPointerException
	at com.zend.php.semanticanalysis.internal.core.checks.EVariableDeclarationSearcher.postProcess(EVariableDeclarationSearcher.java)
	at com.zend.php.semanticanalysis.internal.core.checks.UndeclaredVariableCheck$UndeclaredVarsSearcher.postProcess(UndeclaredVariableCheck.java)
	at org.eclipse.php.internal.core.typeinference.VariableDeclarationSearcher.visit(VariableDeclarationSearcher.java:161)
	at org.eclipse.php.internal.core.compiler.ast.nodes.PHPCallExpression.traverse(PHPCallExpression.java:37)
	at org.eclipse.php.internal.core.compiler.ast.nodes.UnaryOperation.traverse(UnaryOperation.java:51)
	at org.eclipse.php.internal.core.compiler.ast.nodes.IfStatement.traverse(IfStatement.java:54)
	at org.eclipse.dltk.ast.statements.Block.traverse(Block.java:43)
	at org.eclipse.dltk.ast.declarations.MethodDeclaration.traverseChildNodes(MethodDeclaration.java:97)
	at org.eclipse.dltk.ast.declarations.MethodDeclaration.traverse(MethodDeclaration.java:71)
	at org.eclipse.dltk.ast.statements.Block.traverse(Block.java:43)
	at org.eclipse.dltk.ast.declarations.TypeDeclaration.traverse(TypeDeclaration.java:158)
	at org.eclipse.dltk.ast.statements.Block.traverse(Block.java:43)
	at org.eclipse.dltk.ast.declarations.TypeDeclaration.traverse(TypeDeclaration.java:158)
	at org.eclipse.dltk.ast.statements.Block.traverse(Block.java:43)
	at org.eclipse.dltk.ast.declarations.ModuleDeclaration.traverse(ModuleDeclaration.java:71)
	at com.zend.php.semanticanalysis.internal.core.checks.UndeclaredVariableCheck.a(UndeclaredVariableCheck.java)
	at com.zend.php.semanticanalysis.internal.core.SemanticAnalysisBuilder.a(SemanticAnalysisBuilder.java)
	at com.zend.php.semanticanalysis.internal.core.SemanticAnalysisBuilder.build(SemanticAnalysisBuilder.java)
	at org.eclipse.dltk.internal.core.builder.ScriptBuilder.incrementalBuild(ScriptBuilder.java:555)
	at org.eclipse.dltk.internal.core.builder.ScriptBuilder.build(ScriptBuilder.java:172)
	at org.eclipse.core.internal.events.BuildManager$2.run(BuildManager.java:728)
	at org.eclipse.core.runtime.SafeRunner.run(SafeRunner.java:42)
	at org.eclipse.core.internal.events.BuildManager.basicBuild(BuildManager.java:199)
	at org.eclipse.core.internal.events.BuildManager.basicBuild(BuildManager.java:239)
	at org.eclipse.core.internal.events.BuildManager$1.run(BuildManager.java:292)
	at org.eclipse.core.runtime.SafeRunner.run(SafeRunner.java:42)
	at org.eclipse.core.internal.events.BuildManager.basicBuild(BuildManager.java:295)
	at org.eclipse.core.internal.events.BuildManager.basicBuildLoop(BuildManager.java:351)
	at org.eclipse.core.internal.events.BuildManager.build(BuildManager.java:374)
	at org.eclipse.core.internal.events.AutoBuildJob.doBuild(AutoBuildJob.java:143)
	at org.eclipse.core.internal.events.AutoBuildJob.run(AutoBuildJob.java:241)
	at org.eclipse.core.internal.jobs.Worker.run(Worker.java:54)

!ENTRY com.zend.php.semanticanalysis.core 4 10001 2014-12-09 15:51:10.697
!MESSAGE Plugin internal error
!STACK 0
java.lang.NullPointerException
	at com.zend.php.semanticanalysis.internal.core.checks.EVariableDeclarationSearcher.postProcess(EVariableDeclarationSearcher.java)
	at com.zend.php.semanticanalysis.internal.core.checks.UndeclaredVariableCheck$UndeclaredVarsSearcher.postProcess(UndeclaredVariableCheck.java)
	at org.eclipse.php.internal.core.typeinference.VariableDeclarationSearcher.visit(VariableDeclarationSearcher.java:161)
	at org.eclipse.php.internal.core.compiler.ast.nodes.PHPCallExpression.traverse(PHPCallExpression.java:37)
	at org.eclipse.php.internal.core.compiler.ast.nodes.UnaryOperation.traverse(UnaryOperation.java:51)
	at org.eclipse.php.internal.core.compiler.ast.nodes.IfStatement.traverse(IfStatement.java:54)
	at org.eclipse.dltk.ast.statements.Block.traverse(Block.java:43)
	at org.eclipse.dltk.ast.declarations.MethodDeclaration.traverseChildNodes(MethodDeclaration.java:97)
	at org.eclipse.dltk.ast.declarations.MethodDeclaration.traverse(MethodDeclaration.java:71)
	at org.eclipse.dltk.ast.statements.Block.traverse(Block.java:43)
	at org.eclipse.dltk.ast.declarations.TypeDeclaration.traverse(TypeDeclaration.java:158)
	at org.eclipse.dltk.ast.statements.Block.traverse(Block.java:43)
	at org.eclipse.dltk.ast.declarations.TypeDeclaration.traverse(TypeDeclaration.java:158)
	at org.eclipse.dltk.ast.statements.Block.traverse(Block.java:43)
	at org.eclipse.dltk.ast.declarations.ModuleDeclaration.traverse(ModuleDeclaration.java:71)
	at com.zend.php.semanticanalysis.internal.core.checks.UndeclaredVariableCheck.a(UndeclaredVariableCheck.java)
	at com.zend.php.semanticanalysis.internal.core.SemanticAnalysisBuilder.a(SemanticAnalysisBuilder.java)
	at com.zend.php.semanticanalysis.internal.core.SemanticAnalysisBuilder.build(SemanticAnalysisBuilder.java)
	at org.eclipse.dltk.internal.core.builder.ScriptBuilder.incrementalBuild(ScriptBuilder.java:555)
	at org.eclipse.dltk.internal.core.builder.ScriptBuilder.build(ScriptBuilder.java:172)
	at org.eclipse.core.internal.events.BuildManager$2.run(BuildManager.java:728)
	at org.eclipse.core.runtime.SafeRunner.run(SafeRunner.java:42)
	at org.eclipse.core.internal.events.BuildManager.basicBuild(BuildManager.java:199)
	at org.eclipse.core.internal.events.BuildManager.basicBuild(BuildManager.java:239)
	at org.eclipse.core.internal.events.BuildManager$1.run(BuildManager.java:292)
	at org.eclipse.core.runtime.SafeRunner.run(SafeRunner.java:42)
	at org.eclipse.core.internal.events.BuildManager.basicBuild(BuildManager.java:295)
	at org.eclipse.core.internal.events.BuildManager.basicBuildLoop(BuildManager.java:351)
	at org.eclipse.core.internal.events.BuildManager.build(BuildManager.java:374)
	at org.eclipse.core.internal.events.AutoBuildJob.doBuild(AutoBuildJob.java:143)
	at org.eclipse.core.internal.events.AutoBuildJob.run(AutoBuildJob.java:241)
	at org.eclipse.core.internal.jobs.Worker.run(Worker.java:54)

!ENTRY com.zend.php.semanticanalysis.core 4 10001 2014-12-09 15:51:10.697
!MESSAGE Plugin internal error
!STACK 0
java.lang.NullPointerException
	at com.zend.php.semanticanalysis.internal.core.checks.EVariableDeclarationSearcher.postProcess(EVariableDeclarationSearcher.java)
	at com.zend.php.semanticanalysis.internal.core.checks.UndeclaredVariableCheck$UndeclaredVarsSearcher.postProcess(UndeclaredVariableCheck.java)
	at org.eclipse.php.internal.core.typeinference.VariableDeclarationSearcher.visit(VariableDeclarationSearcher.java:161)
	at org.eclipse.php.internal.core.compiler.ast.nodes.PHPCallExpression.traverse(PHPCallExpression.java:37)
	at org.eclipse.php.internal.core.compiler.ast.nodes.UnaryOperation.traverse(UnaryOperation.java:51)
	at org.eclipse.php.internal.core.compiler.ast.nodes.IfStatement.traverse(IfStatement.java:54)
	at org.eclipse.dltk.ast.statements.Block.traverse(Block.java:43)
	at org.eclipse.dltk.ast.declarations.MethodDeclaration.traverseChildNodes(MethodDeclaration.java:97)
	at org.eclipse.dltk.ast.declarations.MethodDeclaration.traverse(MethodDeclaration.java:71)
	at org.eclipse.dltk.ast.statements.Block.traverse(Block.java:43)
	at org.eclipse.dltk.ast.declarations.TypeDeclaration.traverse(TypeDeclaration.java:158)
	at org.eclipse.dltk.ast.statements.Block.traverse(Block.java:43)
	at org.eclipse.dltk.ast.declarations.TypeDeclaration.traverse(TypeDeclaration.java:158)
	at org.eclipse.dltk.ast.statements.Block.traverse(Block.java:43)
	at org.eclipse.dltk.ast.declarations.ModuleDeclaration.traverse(ModuleDeclaration.java:71)
	at com.zend.php.semanticanalysis.internal.core.checks.UndeclaredVariableCheck.a(UndeclaredVariableCheck.java)
	at com.zend.php.semanticanalysis.internal.core.SemanticAnalysisBuilder.a(SemanticAnalysisBuilder.java)
	at com.zend.php.semanticanalysis.internal.core.SemanticAnalysisBuilder.build(SemanticAnalysisBuilder.java)
	at org.eclipse.dltk.internal.core.builder.ScriptBuilder.incrementalBuild(ScriptBuilder.java:555)
	at org.eclipse.dltk.internal.core.builder.ScriptBuilder.build(ScriptBuilder.java:172)
	at org.eclipse.core.internal.events.BuildManager$2.run(BuildManager.java:728)
	at org.eclipse.core.runtime.SafeRunner.run(SafeRunner.java:42)
	at org.eclipse.core.internal.events.BuildManager.basicBuild(BuildManager.java:199)
	at org.eclipse.core.internal.events.BuildManager.basicBuild(BuildManager.java:239)
	at org.eclipse.core.internal.events.BuildManager$1.run(BuildManager.java:292)
	at org.eclipse.core.runtime.SafeRunner.run(SafeRunner.java:42)
	at org.eclipse.core.internal.events.BuildManager.basicBuild(BuildManager.java:295)
	at org.eclipse.core.internal.events.BuildManager.basicBuildLoop(BuildManager.java:351)
	at org.eclipse.core.internal.events.BuildManager.build(BuildManager.java:374)
	at org.eclipse.core.internal.events.AutoBuildJob.doBuild(AutoBuildJob.java:143)
	at org.eclipse.core.internal.events.AutoBuildJob.run(AutoBuildJob.java:241)
	at org.eclipse.core.internal.jobs.Worker.run(Worker.java:54)

!ENTRY org.eclipse.dltk.core 2 0 2014-12-09 15:53:06.979
!MESSAGE Error decoding problem idenfier "1073741824"
